[19:35:37] [main/INFO]: Loading Minecraft 1.20.1 with Fabric Loader 0.16.0
[19:35:37] [main/INFO]: Fabric is preparing JARs on first launch, this may take a few seconds...
[19:35:37] [ForkJoinPool-1-worker-3/WARN]: Mod travelersbackpack uses the version fabric-1.20.1-9.1.16 which isn't compatible with Loader's extended semantic version format (Could not parse version number component 'fabric'!), SemVer is recommended for reliably evaluating dependencies and prioritizing newer version
[19:35:37] [ForkJoinPool-1-worker-4/WARN]: Mod netherdepthsupgrade uses the version fabric-3.1.6-1.20 which isn't compatible with Loader's extended semantic version format (Could not parse version number component 'fabric'!), SemVer is recommended for reliably evaluating dependencies and prioritizing newer version
[19:35:37] [ForkJoinPool-1-worker-1/WARN]: Mod concreteslabsandstairs uses the version v1.20.1 which isn't compatible with Loader's extended semantic version format (Could not parse version number component 'v1'!), SemVer is recommended for reliably evaluating dependencies and prioritizing newer version
[19:35:37] [ForkJoinPool-1-worker-2/WARN]: Mod usefulbackpacks uses the version ${version} which isn't compatible with Loader's extended semantic version format (Could not parse version number component '${version}'!), SemVer is recommended for reliably evaluating dependencies and prioritizing newer version
[19:35:37] [ForkJoinPool-1-worker-1/WARN]: The mod "dungeons_arise" contains invalid entries in its mod json:
- Unsupported root entry "credits" at line 12 column 12
[19:35:37] [ForkJoinPool-1-worker-1/WARN]: Mod additionallanterns uses the version 1.1.1a which isn't compatible with Loader's extended semantic version format (Could not parse version number component '1a'!), SemVer is recommended for reliably evaluating dependencies and prioritizing newer version
[19:35:37] [main/WARN]: Warnings were found!
 - Mod 'Lovely Snails' (lovely_snails) 1.1.3+1.20.1 recommends version 0.19.1 or later of quilt_loader, which is missing!
	 - You should install version 0.19.1 or later of quilt_loader for the optimal experience.
[19:35:37] [main/INFO]: Loading 319 mods:
	- ad_astra 1.15.5
	- additionallanterns 1.1.1a
	- additionalstructures 4.2.1
	- adorn 5.0.1+1.20.1
	- advancednetherite 2.1.3-1.20.1
	- amendments 1.20-1.2.8
	- animal_armor_trims 1.0.0
	- appleskin 2.5.1+mc1.20
	- aqupdcaracal 1.20-2.3.3
	- aqupdgrizzly 1.20-1.6.1
	- architectury 9.2.14
	- attributefix 21.0.4
	- automessage 2.2.0
	- awesomedungeon 3.2.0
	- awesomedungeonend 3.1.1
	- awesomedungeonnether 3.1.1
	- awesomedungeonocean 3.3.0
	- balm-fabric 7.3.7
	   \-- kuma_api 20.1.8
	- bambooeverything 3.0.3+mc1.20.1
	- bankstorage 1.2.0
	- barteringstation 8.0.0
	- betteradvancements 0.3.2.161
	- betterarcheology 1.1.9-1.20.1
	- betterchunkloading 1.20.1-4.3
	- betterdeserttemples 1.20-Fabric-3.0.3
	   \-- org_reflections_reflections 0.10.2
	- betterdungeons 1.20-Fabric-4.0.4
	- betterendisland 1.20-Fabric-2.0.6
	- betterfortresses 1.20-Fabric-2.0.6
	- betterjungletemples 1.20-Fabric-2.0.5
	- bettermineshafts 1.20-Fabric-4.0.4
	- betteroceanmonuments 1.20-Fabric-3.0.4
	- betterstrongholds 1.20-Fabric-4.0.3
	- betterwitchhuts 1.20-Fabric-3.0.3
	- blockus 2.7.15+1.20.1
	- bookshelf 20.2.13
	- botarium 2.3.4
	   \-- team_reborn_energy 3.0.0
	- breedablekillerrabbit 3.7
	- cardinal-components 5.2.2
	   |-- cardinal-components-base 5.2.2
	   |-- cardinal-components-block 5.2.2
	   |-- cardinal-components-chunk 5.2.2
	   |-- cardinal-components-entity 5.2.2
	   |-- cardinal-components-item 5.2.2
	   |-- cardinal-components-level 5.2.2
	   |-- cardinal-components-scoreboard 5.2.2
	   \-- cardinal-components-world 5.2.2
	- carryon 2.1.2.7
	- catalogue 1.8.0
	- charmofundying 6.5.0+1.20.1
	   \-- spectrelib 0.13.15+1.20.1
	- chas 1.20
	- chunksending 1.20.1-2.8
	- chunky 1.3.146
	- cloth-config 11.1.118
	   \-- cloth-basic-math 0.6.1
	- clumps 12.0.0.4
	- collective 7.84
	- colorize 1.9.0
	- comforts 6.4.0+1.20.1
	   \-- spectrelib 0.13.15+1.20.1
	- concreteslabsandstairs v1.20.1
	- configured 2.2.3
	   |-- com_electronwill_night-config_core 3.6.6
	   \-- com_electronwill_night-config_toml 3.6.6
	- connectedglass 1.1.11
	- connectivity 1.20.1-5.6
	- cookingforblockheads 16.0.6
	- crabclaws 1.1.1
	- craftingtweaks 18.2.5
	- crawl 0.12.0
	   \-- mm 2.3
	- creativecore 2.11.33
	   \-- net_minecraftforge_eventbus 6.0.3
	- cristellib 1.1.5
	   \-- blue_endless_jankson 1.2.3
	- croptopia 3.0.3
	- ctov 3.4.6
	- culinaryconstruct 5.2.1+1.20.1
	- cupboard 1.20.1-2.7
	- danger_close 3.1.1
	- despawningeggshatch 4.4
	- diagonalfences 8.1.4
	   \-- diagonalblocks 8.0.5
	- disenchanting_table 3.0.1
	- doubledoors 5.9
	- dramaticdoors 1.20.1-3.2.3
	- dungeons_arise 2.1.58
	- durabilitytooltip 1.1.5
	- eatanomelette 1.4.0
	- elytraslot 6.4.2+1.20.1
	   \-- mixinsquared 0.1.2-beta.6
	- emojiful 4.2.0
	   \-- com_esotericsoftware_yamlbeans_yamlbeans 1.15
	- emotecraft 2.2.7-b.build.50
	   |-- bendy-lib 4.0.0
	   \-- player-animator 1.0.2-rc1+1.20
	- enderpack 2.0.1
	- entityculling 1.6.6
	- epherolib 1.2.0
	- epicpowerbracelets 1.1.0
	- expanded_ecosphere 3.2.4
	- explorerscompass 1.20.1-2.2.3-fabric
	- explorify 1.6.1
	- fabric-api 0.92.2+1.20.1
	   |-- fabric-api-base 0.4.31+1802ada577
	   |-- fabric-api-lookup-api-v1 1.6.36+1802ada577
	   |-- fabric-biome-api-v1 13.0.13+1802ada577
	   |-- fabric-block-api-v1 1.0.11+1802ada577
	   |-- fabric-block-view-api-v2 1.0.1+1802ada577
	   |-- fabric-blockrenderlayer-v1 1.1.41+1802ada577
	   |-- fabric-client-tags-api-v1 1.1.2+1802ada577
	   |-- fabric-command-api-v1 1.2.34+f71b366f77
	   |-- fabric-command-api-v2 2.2.13+1802ada577
	   |-- fabric-commands-v0 0.2.51+df3654b377
	   |-- fabric-containers-v0 0.1.64+df3654b377
	   |-- fabric-content-registries-v0 4.0.11+1802ada577
	   |-- fabric-convention-tags-v1 1.5.5+1802ada577
	   |-- fabric-crash-report-info-v1 0.2.19+1802ada577
	   |-- fabric-data-attachment-api-v1 1.0.0+de0fd6d177
	   |-- fabric-data-generation-api-v1 12.3.4+1802ada577
	   |-- fabric-dimensions-v1 2.1.54+1802ada577
	   |-- fabric-entity-events-v1 1.6.0+1c78457f77
	   |-- fabric-events-interaction-v0 0.6.2+1802ada577
	   |-- fabric-events-lifecycle-v0 0.2.63+df3654b377
	   |-- fabric-game-rule-api-v1 1.0.40+1802ada577
	   |-- fabric-item-api-v1 2.1.28+1802ada577
	   |-- fabric-item-group-api-v1 4.0.12+1802ada577
	   |-- fabric-key-binding-api-v1 1.0.37+1802ada577
	   |-- fabric-keybindings-v0 0.2.35+df3654b377
	   |-- fabric-lifecycle-events-v1 2.2.22+1802ada577
	   |-- fabric-loot-api-v2 1.2.1+1802ada577
	   |-- fabric-loot-tables-v1 1.1.45+9e7660c677
	   |-- fabric-message-api-v1 5.1.9+1802ada577
	   |-- fabric-mining-level-api-v1 2.1.50+1802ada577
	   |-- fabric-model-loading-api-v1 1.0.3+1802ada577
	   |-- fabric-models-v0 0.4.2+9386d8a777
	   |-- fabric-networking-api-v1 1.3.11+1802ada577
	   |-- fabric-networking-v0 0.3.51+df3654b377
	   |-- fabric-object-builder-api-v1 11.1.3+1802ada577
	   |-- fabric-particles-v1 1.1.2+1802ada577
	   |-- fabric-recipe-api-v1 1.0.21+1802ada577
	   |-- fabric-registry-sync-v0 2.3.3+1802ada577
	   |-- fabric-renderer-api-v1 3.2.1+1802ada577
	   |-- fabric-renderer-indigo 1.5.2+85287f9f77
	   |-- fabric-renderer-registries-v1 3.2.46+df3654b377
	   |-- fabric-rendering-data-attachment-v1 0.3.37+92a0d36777
	   |-- fabric-rendering-fluids-v1 3.0.28+1802ada577
	   |-- fabric-rendering-v0 1.1.49+df3654b377
	   |-- fabric-rendering-v1 3.0.8+1802ada577
	   |-- fabric-resource-conditions-api-v1 2.3.8+1802ada577
	   |-- fabric-resource-loader-v0 0.11.10+1802ada577
	   |-- fabric-screen-api-v1 2.0.8+1802ada577
	   |-- fabric-screen-handler-api-v1 1.3.30+1802ada577
	   |-- fabric-sound-api-v1 1.0.13+1802ada577
	   |-- fabric-transfer-api-v1 3.3.5+8dd72ea377
	   \-- fabric-transitive-access-wideners-v1 4.3.1+1802ada577
	- fabric-language-kotlin 1.12.0+kotlin.2.0.10
	   |-- org_jetbrains_kotlin_kotlin-reflect 2.0.10
	   |-- org_jetbrains_kotlin_kotlin-stdlib 2.0.10
	   |-- org_jetbrains_kotlin_kotlin-stdlib-jdk7 2.0.10
	   |-- org_jetbrains_kotlin_kotlin-stdlib-jdk8 2.0.10
	   |-- org_jetbrains_kotlinx_atomicfu-jvm 0.25.0
	   |-- org_jetbrains_kotlinx_kotlinx-coroutines-core-jvm 1.8.1
	   |-- org_jetbrains_kotlinx_kotlinx-coroutines-jdk8 1.8.1
	   |-- org_jetbrains_kotlinx_kotlinx-datetime-jvm 0.6.0
	   |-- org_jetbrains_kotlinx_kotlinx-io-bytestring-jvm 0.5.1
	   |-- org_jetbrains_kotlinx_kotlinx-io-core-jvm 0.5.1
	   |-- org_jetbrains_kotlinx_kotlinx-serialization-cbor-jvm 1.7.1
	   |-- org_jetbrains_kotlinx_kotlinx-serialization-core-jvm 1.7.1
	   \-- org_jetbrains_kotlinx_kotlinx-serialization-json-jvm 1.7.1
	- fabricloader 0.16.0
	   \-- mixinextras 0.4.0
	- fallingtree 4.3.4
	- fancymenu 2.14.13
	- farmingforblockheads 14.0.2
	- fastasyncworldsave 1.20.1-1.9
	- faux-custom-entity-data 6.0.1
	- ferritecore 6.0.1
	- fishofthieves 3.0.7
	- forgeconfigapiport 8.0.0
	- fusion 1.1.1
	- fwaystones 3.3.2+mc1.20.1
	- geckolib 4.4.7
	   \-- com_eliotlash_mclib_mclib 20
	- geodes 1.9.3
	- goldenfoods 2.3.0
	- gpumemleakfix 1.20.1-1.8
	- handcrafted 3.0.6
	- huskspawn 3.6
	- iceberg 1.1.18
	- ironchests 5.0.2
	- jade 11.9.2+fabric
	- jamlib 0.6.1+1.20.x
	- java 21
	- jeed 1.20-2.2.2
	- jei 15.12.3.54
	- jeresources 1.4.0.247
	- journeymap 5.10.1
	   \-- journeymap-api-fabric 1.20-1.9-fabric-SNAPSHOT
	- justenoughprofessions 3.0.1
	- kleeslabs 15.0.0
	- konkrete 1.8.1
	- lapisreserve 1.0.8
	- lazydfu 0.1.3
	- libraryferret 4.0.0
	- lithium 0.11.2
	- lithostitched 1.1.8
	- loadingbackgrounds 1.5.0
	- lovely_snails 1.1.3+1.20.1
	- magistuarmory 9.9
	- mavapi 1.1.4
	- mavm 1.2.6
	- mca 7.5.19+1.20.1
	- mcwbridges 3.0.0
	- mcwdoors 1.1.1
	- mcwfences 1.1.2
	- mcwfurnitures 3.3.0
	- mcwlights 1.1.1
	- mcwpaintings 1.0.5
	- mcwpaths 1.0.5
	- mcwroofs 2.3.1
	- mcwtrpdoors 1.1.3
	- mcwwindows 2.3.0
	- medieval_buildings 1.0.1
	- medievalend 1.0.1
	- memorysettings 1.20.1-5.5
	- minecraft 1.20.1
	- mo_glass 1.7-MC1.20.1
	- mobdropsrecipes_end 1.0.1
	- mobdropsrecipes_nether 1.0.1
	- mobdropsrecipes_overworld 2.0.0
	- mod_id 1.0.0
	- modern_glass_doors 5.1.2+1.20-and-later
	- modernfix 5.19.1+mc1.20.1
	- monolib 1.3.0
	- moonlight 1.20-2.12.12
	- more_beautiful_torches 3.0.0
	- more_bows_and_arrows 3.1.0
	- more_useful_copper 1.1.0
	- moremobvariants 1.3.1
	- movingelevators 1.4.7
	- mutantmonsters 8.0.7
	   \-- extensibleenums 7.0.1
	- naturalist 4.0.3
	- naturescompass 1.20.1-2.2.3-fabric
	- netherdepthsupgrade fabric-3.1.6-1.20
	- new_shield_variants 1.3.0
	- newslabvariants 2.1.0
	- nochatreports 1.20.1-v2.2.2
	   |-- fabric-rendering-v1 3.0.6+b3afc78b82
	   \-- fabric-screen-api-v1 2.0.6+b3afc78b82
	- notenoughanimations 1.7.4
	- nyfsspiders 2.1.1
	- owo 0.11.2+1.20
	- packedup 1.0.30
	- plushies 1.4.0
	- polymorph 0.49.5+1.20.1
	   \-- spectrelib 0.13.15+1.20.1
	- puzzleslib 8.1.21
	   \-- puzzlesaccessapi 8.0.7
	- realisticbees 4.0
	- resourcefulconfig 2.1.2
	- resourcefullib 2.1.28
	   |-- com_teamresourceful_bytecodecs 1.0.2
	   \-- com_teamresourceful_yabn 1.0.3
	- respawnablepets 1.20-1
	   \-- midnightlib 1.4.1
	- rightclickharvest 3.2.3+1.19.x-1.20.1-fabric
	- sit 1.20.1-27
	- smoothchunk 1.20.1-3.6
	- snowyspirit 1.20-3.0.6
	- sound_physics_remastered 1.20.1-1.4.5
	- spark 1.10.53
	- spyglass-improvements 1.5.1+mc1.20+fabric
	- stackablestewandsoup 1.3.0
	- starterkit 7.1
	- startinv 1.0.0
	- strayspawn 3.7
	- supermartijn642configlib 1.1.8+a
	- supermartijn642corelib 1.1.17
	- supplementaries 1.20-2.8.17
	- terrestria 6.0.13
	   |-- biolith 1.0.0-beta.1
	   |-- terraform-biome-remapper-api-v1 7.0.3
	   |-- terraform-config-api-v1 7.0.3
	   |-- terraform-dirt-api-v1 7.0.3
	   |-- terraform-shapes-api-v1 7.0.3
	   |-- terraform-surfaces-api-v1 7.0.3
	   |-- terraform-tree-api-v1 7.0.3
	   |-- terraform-wood-api-v1 7.0.3
	   |-- terrestria-client 6.0.13
	   |-- terrestria-common 6.0.13
	   \-- terrestria-worldgen 6.0.13
	- timeondisplay 2.0.0
	- tinyskeletons 8.0.1
	- trade_cycling 1.20.1-1.0.7
	   |-- fabric-key-binding-api-v1 1.0.36+fb8d95da82
	   \-- fabric-screen-api-v1 2.0.6+b3afc78b82
	- tradingpost 8.0.2
	- trashcans 1.0.18
	   \-- team_reborn_energy 3.0.0
	- travelersbackpack fabric-1.20.1-9.1.16
	   \-- reach-entity-attributes 2.4.0
	- traverse 7.0.12
	   |-- biolith 1.0.0-beta.1
	   |-- terraform-biome-remapper-api-v1 7.0.3
	   |-- terraform-config-api-v1 7.0.3
	   |-- terraform-surfaces-api-v1 7.0.3
	   |-- terraform-tree-api-v1 7.0.3
	   |-- terraform-wood-api-v1 7.0.3
	   |-- traverse-client 7.0.12
	   |-- traverse-common 7.0.12
	   \-- traverse-worldgen 7.0.12
	- trimeffects 1.3.4
	- trinkets 3.7.2
	- tumbleweed 0.5.5
	- universal-graves 3.0.2+1.20.1
	   |-- common-protection-api 1.0.0
	   |-- fabric-permissions-api-v0 0.2-SNAPSHOT
	   |-- placeholder-api 2.1.3+1.20.1
	   |-- polymer-core 0.5.19+1.20.1
	   |    |-- polymer-networking 0.5.19+1.20.1
	   |    |    \-- polymer-common 0.5.19+1.20.1
	   |    |         \-- packet_tweaker 0.4.0+1.19.4
	   |    \-- polymer-registry-sync-manipulator 0.5.19+1.20.1
	   |-- polymer-resource-pack 0.5.19+1.20.1
	   |    \-- polymer-common 0.5.19+1.20.1
	   |         \-- packet_tweaker 0.4.0+1.19.4
	   |-- polymer-virtual-entity 0.5.19+1.20.1
	   |    \-- polymer-common 0.5.19+1.20.1
	   |         \-- packet_tweaker 0.4.0+1.19.4
	   |-- predicate-api 0.2.1+1.20.1
	   |-- server_translations_api 2.0.0+1.20
	   |    \-- packet_tweaker 0.4.0+1.19.4
	   \-- sgui 1.2.2+1.20
	- universalbonemeal 8.0.1
	- usefulbackpacks ${version}
	- uteamcore 5.1.4.312
	- vanilla_degus 1.5.0
	- villagernames 8.1
	- visualworkbench 8.0.0
	- voicechat 1.20.1-2.5.20
	   \-- fabric-key-binding-api-v1 1.0.36+fb8d95da82
	- waystones 14.1.4
	- weaponmaster_ydm 4.2.3
	- wider_ender_chests 1.0.2
	- yeetusexperimentus 2.3.1-build.6+mc1.20.1
	- yungsapi 1.20-Fabric-4.0.5
	   \-- org_javassist_javassist 3.29.2-GA
	- yungsbridges 1.20-Fabric-4.0.3
	- yungsextras 1.20-Fabric-4.0.3
[19:35:38] [main/INFO]: SpongePowered MIXIN Subsystem Version=0.8.7 Source=file:/workspaces/mi-servidor/servidor_minecraft/libraries/net/fabricmc/sponge-mixin/0.15.0+mixin.0.8.7/sponge-mixin-0.15.0+mixin.0.8.7.jar Service=Knot/Fabric Env=SERVER
[19:35:38] [main/INFO]: Compatibility level set to JAVA_17
[19:35:38] [main/WARN]: Reference map 'automessage.refmap.json' for fabric-automessage.mixins.json could not be read. If this is a development environment you can ignore this message
[19:35:38] [main/WARN]: Reference map 'automessage.refmap.json' for fabric-automessage.fabric.mixins.json could not be read. If this is a development environment you can ignore this message
[19:35:38] [main/WARN]: Reference map 'connectedglass.mixins.refmap.json' for connectedglass.mixins.json could not be read. If this is a development environment you can ignore this message
[19:35:38] [main/WARN]: Reference map 'ctov-common-refmap.json' for ctov-common.mixins.json could not be read. If this is a development environment you can ignore this message
[19:35:38] [main/WARN]: Reference map 'durabilitytooltip.mixins.refmap.json' for durabilitytooltip.mixins.json could not be read. If this is a development environment you can ignore this message
[19:35:38] [main/WARN]: Reference map 'eatanomelette.refmap.json' for fabric-eatanomelette.mixins.json could not be read. If this is a development environment you can ignore this message
[19:35:38] [main/WARN]: Reference map 'eatanomelette.refmap.json' for fabric-eatanomelette.fabric.mixins.json could not be read. If this is a development environment you can ignore this message
[19:35:38] [main/WARN]: Reference map 'enderpack.refmap.json' for fabric-enderpack.mixins.json could not be read. If this is a development environment you can ignore this message
[19:35:38] [main/WARN]: Reference map 'enderpack.refmap.json' for fabric-enderpack.fabric.mixins.json could not be read. If this is a development environment you can ignore this message
[19:35:38] [main/WARN]: Reference map 'expanded_ecosphere-fabric-refmap.json' for wwoo.mixins.json could not be read. If this is a development environment you can ignore this message
[19:35:38] [main/WARN]: Reference map 'goldenfoods.refmap.json' for fabric-goldenfoods.mixins.json could not be read. If this is a development environment you can ignore this message
[19:35:38] [main/WARN]: Reference map 'goldenfoods.refmap.json' for fabric-goldenfoods.fabric.mixins.json could not be read. If this is a development environment you can ignore this message
[19:35:38] [main/WARN]: Reference map 'JustEnoughResources-Fabric-1.20.1-refmap.json' for jeresources.mixins.json could not be read. If this is a development environment you can ignore this message
[19:35:38] [main/INFO]: Loaded configuration file for Lithium: 115 options available, 2 override(s) found
[19:35:38] [main/WARN]: Reference map 'mobdropsrecipes_end.refmap.json' for fabric-mobdropsrecipes_end.mixins.json could not be read. If this is a development environment you can ignore this message
[19:35:38] [main/WARN]: Reference map 'mobdropsrecipes_end.refmap.json' for fabric-mobdropsrecipes_end.fabric.mixins.json could not be read. If this is a development environment you can ignore this message
[19:35:38] [main/WARN]: Reference map 'mobdropsrecipes_nether.refmap.json' for fabric-mobdropsrecipes_nether.mixins.json could not be read. If this is a development environment you can ignore this message
[19:35:38] [main/WARN]: Reference map 'mobdropsrecipes_nether.refmap.json' for fabric-mobdropsrecipes_nether.fabric.mixins.json could not be read. If this is a development environment you can ignore this message
[19:35:38] [main/WARN]: Reference map 'mobdropsrecipes_overworld.refmap.json' for fabric-mobdropsrecipes_overworld.mixins.json could not be read. If this is a development environment you can ignore this message
[19:35:38] [main/WARN]: Reference map 'mobdropsrecipes_overworld.refmap.json' for fabric-mobdropsrecipes_overworld.fabric.mixins.json could not be read. If this is a development environment you can ignore this message
[19:35:38] [main/INFO]: Loaded configuration file for ModernFix 5.19.1+mc1.20.1: 61 options available, 0 override(s) found
[19:35:38] [main/INFO]: Applying Nashorn fix
[19:35:38] [main/WARN]: Reference map 'more_beautiful_torches.refmap.json' for fabric-more_beautiful_torches.mixins.json could not be read. If this is a development environment you can ignore this message
[19:35:38] [main/WARN]: Reference map 'more_beautiful_torches.refmap.json' for fabric-more_beautiful_torches.fabric.mixins.json could not be read. If this is a development environment you can ignore this message
[19:35:38] [main/WARN]: Reference map 'newslabvariants.refmap.json' for fabric-newslabvariants.mixins.json could not be read. If this is a development environment you can ignore this message
[19:35:38] [main/WARN]: Reference map 'newslabvariants.refmap.json' for fabric-newslabvariants.fabric.mixins.json could not be read. If this is a development environment you can ignore this message
[19:35:39] [main/WARN]: Reference map 'stackablestewandsoup.refmap.json' for fabric-stackablestewandsoup.mixins.json could not be read. If this is a development environment you can ignore this message
[19:35:39] [main/WARN]: Reference map 'stackablestewandsoup.refmap.json' for fabric-stackablestewandsoup.fabric.mixins.json could not be read. If this is a development environment you can ignore this message
[19:35:39] [main/WARN]: Reference map 'starterkit_fabric.refmap.json' for starterkit_fabric.mixins.json could not be read. If this is a development environment you can ignore this message
[19:35:39] [main/WARN]: Reference map 'supermartijn642configlib.mixins.refmap.json' for supermartijn642configlib.mixins.json could not be read. If this is a development environment you can ignore this message
[19:35:39] [main/WARN]: Reference map 'terrestria-worldgen-refmap.json' for mixins.terrestria-worldgen.json could not be read. If this is a development environment you can ignore this message
[19:35:39] [main/WARN]: Reference map 'timeondisplay.refmap.json' for fabric-timeondisplay.mixins.json could not be read. If this is a development environment you can ignore this message
[19:35:39] [main/WARN]: Reference map 'timeondisplay.refmap.json' for fabric-timeondisplay.fabric.mixins.json could not be read. If this is a development environment you can ignore this message
[19:35:39] [main/WARN]: Reference map 'trashcans.mixins.refmap.json' for trashcans.mixins.json could not be read. If this is a development environment you can ignore this message
[19:35:39] [main/WARN]: Reference map 'traverse-common-refmap.json' for mixins.traverse-common.json could not be read. If this is a development environment you can ignore this message
[19:35:39] [main/WARN]: Reference map 'yungsextras.refmap.json' for yungsextras.mixins.json could not be read. If this is a development environment you can ignore this message
[19:35:39] [main/WARN]: Reference map 'yungsextras.refmap.json' for yungsextras_fabric.mixins.json could not be read. If this is a development environment you can ignore this message
[19:35:39] [main/WARN]: Error loading class: net/minecraft/class_465 (java.lang.ClassNotFoundException: net/minecraft/class_465)
[19:35:39] [main/WARN]: @Mixin target net.minecraft.class_465 was not found creativecore.fabric.mixins.json:AbstractContainerScreenMixin from mod creativecore
[19:35:39] [main/WARN]: Force-disabling mixin 'alloc.blockstate.StateMixin' as rule 'mixin.alloc.blockstate' (added by mods [ferritecore]) disables it and children
[19:35:39] [main/WARN]: Error loading class: fr/catcore/server/translations/api/resource/language/SystemDelegatedLanguage (java.lang.ClassNotFoundException: fr/catcore/server/translations/api/resource/language/SystemDelegatedLanguage)
[19:35:39] [main/WARN]: Mixin 'block.packet.ChunkDeltaUpdateS2CPacketMixin' from 'polymer-core' was disabled by Connectivity Mod (connectivity). Reason: Compat. This might cause issues and isn't generally supported!
[19:35:39] [main/WARN]: Error loading class: traben/entity_model_features/models/animation/EMFAnimationHelper (java.lang.ClassNotFoundException: traben/entity_model_features/models/animation/EMFAnimationHelper)
[19:35:39] [main/WARN]: Error loading class: com/simibubi/create/content/kinetics/base/BlockBreakingKineticBlockEntity (java.lang.ClassNotFoundException: com/simibubi/create/content/kinetics/base/BlockBreakingKineticBlockEntity)
[19:35:39] [main/WARN]: Error loading class: net/minecraft/class_970 (java.lang.ClassNotFoundException: net/minecraft/class_970)
[19:35:39] [main/WARN]: @Mixin target net.minecraft.class_970 was not found uteamcore.mixins.json:HumanoidArmorLayerMixin from mod uteamcore
[19:35:39] [main/WARN]: Error loading class: net/minecraft/class_634 (java.lang.ClassNotFoundException: net/minecraft/class_634)
[19:35:39] [main/WARN]: @Mixin target net.minecraft.class_634 was not found uteamcore.mixins.json:ClientPacketListenerMixin from mod uteamcore
[19:35:39] [main/WARN]: Error loading class: net/minecraft/class_310 (java.lang.ClassNotFoundException: net/minecraft/class_310)
[19:35:39] [main/WARN]: @Mixin target net.minecraft.class_310 was not found uteamcore.mixins.json:MinecraftMixin from mod uteamcore
[19:35:39] [main/WARN]: Error loading class: net/minecraft/class_309 (java.lang.ClassNotFoundException: net/minecraft/class_309)
[19:35:39] [main/WARN]: @Mixin target net.minecraft.class_309 was not found uteamcore.mixins.json:KeyboardHandlerMixin from mod uteamcore
[19:35:40] [main/WARN]: Error loading class: net/minecraft/class_465 (java.lang.ClassNotFoundException: net/minecraft/class_465)
[19:35:40] [main/WARN]: Error loading class: net/minecraft/class_465 (java.lang.ClassNotFoundException: net/minecraft/class_465)
[19:35:40] [main/ERROR]: uteamcore.mixins.json:UContainerMenuScreenMixin from mod uteamcore: Super class 'net.minecraft.class_465' of UContainerMenuScreenMixin was not found in the hierarchy of target class 'info/u_team/u_team_core/screen/UContainerMenuScreen'
org.spongepowered.asm.mixin.transformer.throwables.InvalidMixinException: Super class 'net.minecraft.class_465' of UContainerMenuScreenMixin was not found in the hierarchy of target class 'info/u_team/u_team_core/screen/UContainerMenuScreen'
	at org.spongepowered.asm.mixin.transformer.MixinInfo$SubType$Standard.validate(MixinInfo.java:593) ~[sponge-mixin-0.15.0+mixin.0.8.7.jar:0.15.0+mixin.0.8.7]
	at org.spongepowered.asm.mixin.transformer.MixinInfo$State.validate(MixinInfo.java:327) ~[sponge-mixin-0.15.0+mixin.0.8.7.jar:0.15.0+mixin.0.8.7]
	at org.spongepowered.asm.mixin.transformer.MixinInfo.validate(MixinInfo.java:913) ~[sponge-mixin-0.15.0+mixin.0.8.7.jar:0.15.0+mixin.0.8.7]
	at org.spongepowered.asm.mixin.transformer.MixinConfig.postInitialise(MixinConfig.java:884) ~[sponge-mixin-0.15.0+mixin.0.8.7.jar:0.15.0+mixin.0.8.7]
	at org.spongepowered.asm.mixin.transformer.MixinProcessor.prepareConfigs(MixinProcessor.java:568) ~[sponge-mixin-0.15.0+mixin.0.8.7.jar:0.15.0+mixin.0.8.7]
	at org.spongepowered.asm.mixin.transformer.MixinProcessor.select(MixinProcessor.java:462) ~[sponge-mixin-0.15.0+mixin.0.8.7.jar:0.15.0+mixin.0.8.7]
	at org.spongepowered.asm.mixin.transformer.MixinProcessor.checkSelect(MixinProcessor.java:438) ~[sponge-mixin-0.15.0+mixin.0.8.7.jar:0.15.0+mixin.0.8.7]
	at org.spongepowered.asm.mixin.transformer.MixinProcessor.applyMixins(MixinProcessor.java:290) ~[sponge-mixin-0.15.0+mixin.0.8.7.jar:0.15.0+mixin.0.8.7]
	at org.spongepowered.asm.mixin.transformer.MixinTransformer.transformClass(MixinTransformer.java:234) ~[sponge-mixin-0.15.0+mixin.0.8.7.jar:0.15.0+mixin.0.8.7]
	at org.spongepowered.asm.mixin.transformer.MixinTransformer.transformClassBytes(MixinTransformer.java:202) ~[sponge-mixin-0.15.0+mixin.0.8.7.jar:0.15.0+mixin.0.8.7]
	at net.fabricmc.loader.impl.launch.knot.KnotClassDelegate.getPostMixinClassByteArray(KnotClassDelegate.java:422) ~[fabric-loader-0.16.0.jar:?]
	at net.fabricmc.loader.impl.launch.knot.KnotClassDelegate.tryLoadClass(KnotClassDelegate.java:323) ~[fabric-loader-0.16.0.jar:?]
	at net.fabricmc.loader.impl.launch.knot.KnotClassDelegate.loadClass(KnotClassDelegate.java:218) ~[fabric-loader-0.16.0.jar:?]
	at net.fabricmc.loader.impl.launch.knot.KnotClassLoader.loadClass(KnotClassLoader.java:119) ~[fabric-loader-0.16.0.jar:?]
	at java.lang.ClassLoader.loadClass(ClassLoader.java:526) ~[?:?]
	at java.lang.Class.forName0(Native Method) ~[?:?]
	at java.lang.Class.forName(Class.java:534) ~[?:?]
	at java.lang.Class.forName(Class.java:513) ~[?:?]
	at net.fabricmc.loader.impl.util.DefaultLanguageAdapter.create(DefaultLanguageAdapter.java:50) ~[fabric-loader-0.16.0.jar:?]
	at net.fabricmc.loader.impl.entrypoint.EntrypointStorage$NewEntry.getOrCreate(EntrypointStorage.java:117) ~[fabric-loader-0.16.0.jar:?]
	at net.fabricmc.loader.impl.entrypoint.EntrypointContainerImpl.getEntrypoint(EntrypointContainerImpl.java:53) ~[fabric-loader-0.16.0.jar:?]
	at net.fabricmc.loader.impl.FabricLoaderImpl.invokeEntrypoints(FabricLoaderImpl.java:399) ~[fabric-loader-0.16.0.jar:?]
	at net.fabricmc.loader.impl.launch.knot.Knot.init(Knot.java:160) ~[fabric-loader-0.16.0.jar:?]
	at net.fabricmc.loader.impl.launch.knot.Knot.launch(Knot.java:68) ~[fabric-loader-0.16.0.jar:?]
	at net.fabricmc.loader.impl.launch.knot.KnotServer.main(KnotServer.java:23) ~[fabric-loader-0.16.0.jar:?]
	at net.fabricmc.loader.impl.launch.server.FabricServerLauncher.main(FabricServerLauncher.java:69) ~[fabric-loader-0.16.0.jar:?]
	at net.fabricmc.installer.ServerLauncher.main(ServerLauncher.java:69) ~[fabric-server-launch.jar:1.0.1]
[19:35:40] [main/INFO]: Initializing MixinExtras via com.llamalad7.mixinextras.service.MixinExtrasServiceImpl(version=0.4.0).
[19:35:41] [main/INFO]: Mixing common.MixinFriendlyByteBuf from mixins/common/nochatreports.mixins.json into net.minecraft.class_2540
[19:35:41] [main/INFO]: Renaming synthetic method lambda$onWriteJsonWithCodec$1(Ljava/lang/Object;Ljava/lang/String;)Lio/netty/handler/codec/EncoderException; to md14cd06$nochatreports$lambda$onWriteJsonWithCodec$1$0 in mixins/common/nochatreports.mixins.json:common.MixinFriendlyByteBuf from mod nochatreports
[19:35:41] [main/INFO]: Renaming synthetic method lambda$onReadJsonWithCodec$0(Ljava/lang/String;)Lio/netty/handler/codec/DecoderException; to md14cd06$nochatreports$lambda$onReadJsonWithCodec$0$1 in mixins/common/nochatreports.mixins.json:common.MixinFriendlyByteBuf from mod nochatreports
[19:35:42] [main/INFO]: Injecting BlockStateBase cache population hook into getNeighborPathNodeType from me.jellysquid.mods.lithium.mixin.ai.pathing.AbstractBlockStateMixin
[19:35:42] [main/INFO]: Injecting BlockStateBase cache population hook into getPathNodeType from me.jellysquid.mods.lithium.mixin.ai.pathing.AbstractBlockStateMixin
[19:35:42] [main/INFO]: Injecting BlockStateBase cache population hook into getAllFlags from me.jellysquid.mods.lithium.mixin.util.block_tracking.AbstractBlockStateMixin
[19:35:45] [main/INFO]: Mixing server.MixinServerGamePacketListenerImpl from mixins/common/nochatreports.mixins.json into net.minecraft.class_3244
[19:35:46] [main/WARN]: Method overwrite conflict for method_21740 in modernfix-common.mixins.json:perf.remove_biome_temperature_cache.BiomeMixin from mod modernfix, previously written by me.jellysquid.mods.lithium.mixin.world.temperature_cache.BiomeMixin. Skipping method.
[19:35:46] [main/INFO]: Vanilla bootstrap took 6199 milliseconds
[19:35:47] [main/INFO]: Loaded config for: cupboard.json
[19:35:48] [main/INFO]: Loaded config for: memorysettings.json
[19:35:48] [main/WARN]: You have more more memory allocated than recommended for your system, the recommended amount for your system is: 6000 mb.

[19:35:48] [main/INFO]: [rightclickharvest] Initializing VersionUtils
[19:35:48] [main/INFO]: [rightclickharvest] VersionUtils initialized successfully
[19:35:49] [main/INFO]: Initializing platform helper for Advanced Netherite!
[19:35:49] [main/INFO]: Loaded config amendments-common.json
[19:35:49] [main/INFO]: Hello from Common init on Fabric! we are currently in a production environment!
[19:35:49] [main/INFO]: The ID for diamonds is minecraft:diamond
[19:35:49] [main/INFO]: [AqUpd's mobs] Caracal mod is loaded!
[19:35:49] [main/INFO]: [AqUpd's Mobs] Grizzly Bears mod is loaded!
[19:35:49] [main/INFO]: Hello Fabric world!
[19:35:49] [main/INFO]: Hello from AutoMessage Common init on Fabric! we are currently in a production environment!
[19:35:49] [main/INFO]: The ID for diamonds is minecraft:diamond
[19:35:49] [main/INFO]: Hello to AutoMessage
[19:35:49] [main/INFO]: Constructing common components for barteringstation:main
[19:35:49] [main/INFO]: Better Archeology says Hello
[19:35:49] [main/INFO]: [STDOUT]: All 5 have been set properly
[19:35:49] [main/INFO]: Registering Items from betterarcheology
[19:35:49] [main/INFO]: Registering Blocks from betterarcheology
[19:35:49] [main/INFO]: ModEntityTypes of betterarcheology registered.
[19:35:49] [main/INFO]: Registering Enchantments for betterarcheology
[19:35:49] [main/INFO]: betterchunkloading mod initialized
[19:35:49] [main/INFO]: Reflections took 61 ms to scan 1 urls, producing 1 keys and 2 values
[19:35:50] [main/INFO]: Reflections took 4 ms to scan 1 urls, producing 1 keys and 2 values
[19:35:50] [main/INFO]: Reflections took 3 ms to scan 1 urls, producing 1 keys and 3 values
[19:35:50] [main/INFO]: Reflections took 3 ms to scan 1 urls, producing 1 keys and 3 values
[19:35:50] [main/INFO]: Reflections took 2 ms to scan 1 urls, producing 1 keys and 2 values
[19:35:50] [main/INFO]: Reflections took 1 ms to scan 1 urls, producing 1 keys and 2 values
[19:35:50] [main/INFO]: Reflections took 2 ms to scan 1 urls, producing 1 keys and 1 values
[19:35:50] [main/INFO]: Reflections took 1 ms to scan 1 urls, producing 1 keys and 1 values
[19:35:50] [main/INFO]: Reflections took 2 ms to scan 1 urls, producing 1 keys and 3 values
[19:35:50] [main/INFO]: Reflections took 2 ms to scan 1 urls, producing 1 keys and 3 values
[19:35:50] [main/INFO]: Reflections took 2 ms to scan 1 urls, producing 1 keys and 2 values
[19:35:50] [main/INFO]: Reflections took 1 ms to scan 1 urls, producing 1 keys and 2 values
[19:35:50] [main/INFO]: Reflections took 2 ms to scan 1 urls, producing 1 keys and 1 values
[19:35:50] [main/INFO]: Reflections took 1 ms to scan 1 urls, producing 1 keys and 1 values
[19:35:50] [main/INFO]: Reflections took 2 ms to scan 1 urls, producing 1 keys and 2 values
[19:35:50] [main/INFO]: Reflections took 2 ms to scan 1 urls, producing 1 keys and 2 values
[19:35:50] [main/INFO]: Reflections took 6 ms to scan 1 urls, producing 1 keys and 1 values
[19:35:50] [main/INFO]: Reflections took 1 ms to scan 1 urls, producing 1 keys and 1 values
[19:35:50] [main/INFO]: Biolith is initializing...
[19:35:50] [main/INFO]: Fixing MC-151457. Crafting remainder for minecraft:pufferfish_bucket is now minecraft:bucket.
[19:35:50] [main/INFO]: Fixing MC-151457. Crafting remainder for minecraft:salmon_bucket is now minecraft:bucket.
[19:35:50] [main/INFO]: Fixing MC-151457. Crafting remainder for minecraft:cod_bucket is now minecraft:bucket.
[19:35:50] [main/INFO]: Fixing MC-151457. Crafting remainder for minecraft:tropical_fish_bucket is now minecraft:bucket.
[19:35:50] [main/INFO]: Fixing MC-151457. Crafting remainder for minecraft:axolotl_bucket is now minecraft:bucket.
[19:35:50] [main/INFO]: Fixing MC-151457. Crafting remainder for minecraft:powder_snow_bucket is now minecraft:bucket.
[19:35:50] [main/INFO]: Fixing MC-151457. Crafting remainder for minecraft:tadpole_bucket is now minecraft:bucket.
[19:35:50] [main/INFO]: Loaded config for: chunksending.json
[19:35:50] [main/INFO]: chunksending mod initialized
[19:35:50] [main/INFO]: Loading Collective version 7.84.
[19:35:50] [main/INFO]: Connectivity initialized
[19:35:51] [main/INFO]: Creating default config file: croptopia_v3.conf
[19:35:51] [main/INFO]: Constructing common components for diagonalblocks:main
[19:35:51] [main/INFO]: Constructing common components for diagonalfences:main
[19:35:51] [main/INFO]: Constructing shapes for DiagonalFenceBlock[NodeWidth=2.0,ExtensionWidth=2.0,NodeTop=24.0,ExtensionBottom=0.0,ExtensionTop=24.0] took 24ms
[19:35:51] [main/INFO]: Constructing shapes for DiagonalFenceBlock[NodeWidth=2.0,ExtensionWidth=2.0,NodeTop=16.0,ExtensionBottom=0.0,ExtensionTop=16.0] took 23ms
[19:35:51] [main/INFO]: Constructing shapes for DiagonalFenceBlock[NodeWidth=2.0,ExtensionWidth=1.0,NodeTop=16.0,ExtensionBottom=6.0,ExtensionTop=15.0] took 62ms
[19:35:51] [main/INFO]: Hello Fabric world!
[19:35:51] [main/INFO]: Hello from EatAnOmelette Common init on Fabric! we are currently in a production environment!
[19:35:51] [main/INFO]: The ID for diamonds is minecraft:diamond
[19:35:51] [main/INFO]: Hello to EatAnOmelette
[19:35:51] [main/INFO]: Registering GlobalRegistry for eatanomelette
[19:35:51] [main/INFO]: Loading Expanded Ecosphere
[19:35:52] [main/INFO]: [Expanded Ecosphere Updater] Found no updates
[19:35:52] [main/INFO]: [FANCYMENU] Loading v2.14.13 in server-side mode!
[19:35:52] [main/INFO]: Is initializing.
[19:35:52] [main/INFO]: Has successfully been initialized.
[19:35:52] [main/INFO]: Beginning More Geodes initialization
[19:35:52] [main/INFO]: Loaded More Geodes config!
[19:35:52] [main/INFO]: More Geodes initialized!
[19:35:52] [main/INFO]: Hello Fabric world!
[19:35:52] [main/INFO]: Hello from GoldenFoods Common init on Fabric! we are currently in a production environment!
[19:35:52] [main/INFO]: The ID for diamonds is minecraft:diamond
[19:35:52] [main/INFO]: Hello to GoldenFoods
[19:35:52] [main/INFO]: Registering FabricItems for GoldenFoods
[19:35:52] [main/INFO]: FabricItemGroupRegistry goldenfoods
[19:35:53] [main/INFO]: [jamlib] Mod initialized!
[19:35:53] [main/INFO]: Initializing ServerSide Packet Registries
[19:35:53] [main/INFO]: [KONKRETE] Successfully initialized!
[19:35:53] [main/INFO]: [KONKRETE] Server-side libs ready to use!
[19:35:53] [main/INFO]: Initialize mod Library Ferret
[19:35:53] [main/INFO]: Initialized mod Library Ferret
[19:35:53] [main/INFO]: Registering C2S receiver with id magistuarmory:packet_long_reach_attack
[19:35:53] [main/INFO]: Registering C2S receiver with id magistuarmory:packet_lance_collision
[19:35:53] [main/INFO]: Bypassed Mojang DFU
[19:35:53] [main/INFO]: Instantiating Mojang DFU
[19:35:54] [main/ERROR]: No data fixer registered for mca:tombstone
[19:35:54] [main/INFO]: Definitely not up to no good
[19:35:54] [main/INFO]: Hello Fabric world!
[19:35:54] [main/INFO]: Hello from MobDropsRecipes End Common init on Fabric! we are currently in a production environment!
[19:35:54] [main/INFO]: The ID for diamonds is minecraft:diamond
[19:35:54] [main/INFO]: Hello to MobDropsRecipes End
[19:35:54] [main/INFO]: Registering GlobalRegistry for MobDropsRecipes End
[19:35:54] [main/INFO]: Hello Fabric world!
[19:35:54] [main/INFO]: Hello from MobDropsRecipes Nether Common init on Fabric! we are currently in a production environment!
[19:35:54] [main/INFO]: The ID for diamonds is minecraft:diamond
[19:35:54] [main/INFO]: Hello to MobDropsRecipes Nether
[19:35:54] [main/INFO]: Registering GlobalRegistry for MobDropsRecipes Nether
[19:35:54] [main/INFO]: Hello Fabric world!
[19:35:54] [main/INFO]: Hello from MobDropsRecipes Overworld Common init on Fabric! we are currently in a production environment!
[19:35:54] [main/INFO]: The ID for diamonds is minecraft:diamond
[19:35:54] [main/INFO]: Hello to MobDropsRecipes Overworld
[19:35:54] [main/INFO]: Registering GlobalRegistry for MobDropsRecipes Overworld
[19:35:54] [main/INFO]: Hello Fabric world!
[19:35:54] [main/INFO]: Hello from Common init on Fabric! we are currently in a production environment!
[19:35:54] [main/INFO]: The ID for diamonds is minecraft:diamond
[19:35:54] [main/INFO]: Hello to monolib
[19:35:55] [main/INFO]: FabricItemGroupRegistry more_beautiful_torches
[19:35:55] [main/INFO]: FabricRegistry for More Useful Copper
[19:35:55] [main/INFO]: Giving mobs a fresh coat of paint...
[19:35:55] [main/INFO]: Constructing common components for mutantmonsters:main
[19:35:55] [main/INFO]: Loading common config for mutantmonsters
[19:35:55] [Thread-3/INFO]: Reloading common config for mutantmonsters
[19:35:55] [Thread-3/INFO]: Reloading common config for mutantmonsters
[19:35:55] [main/INFO]: Registering Items for netherdepthsupgrade
[19:35:55] [main/INFO]: Registering Blocks for netherdepthsupgrade
[19:35:55] [main/INFO]: Registering Block Entities for netherdepthsupgrade
[19:35:55] [main/INFO]: Registering tabs for netherdepthsupgrade
[19:35:55] [main/INFO]: Registering Entity Types for netherdepthsupgrade
[19:35:55] [main/INFO]: Registering Effects for netherdepthsupgrade
[19:35:55] [main/INFO]: Registering Potions for netherdepthsupgrade
[19:35:55] [main/INFO]: Registering Enchantments for netherdepthsupgrade
[19:35:55] [main/INFO]: Registering Particles for netherdepthsupgrade
[19:35:55] [main/INFO]: Registering Features for netherdepthsupgrade
[19:35:55] [main/INFO]: Registering ConfiguredFeatures for netherdepthsupgrade
[19:35:55] [main/INFO]: Registering PlacedFeatures for netherdepthsupgrade
[19:35:55] [main/INFO]: Registering Structures for netherdepthsupgrade
[19:35:55] [main/INFO]: Hello Fabric world!
[19:35:55] [main/INFO]: Hello from NewSlabVariants Common init on Fabric! we are currently in a production environment!
[19:35:55] [main/INFO]: The ID for diamonds is minecraft:diamond
[19:35:55] [main/INFO]: Hello to NewSlabVariants
[19:35:55] [main/INFO]: Registering ModBlocks for newslabvariants
[19:35:55] [main/INFO]: KONNICHIWA ZA WARUDO!
[19:35:55] [main/INFO]: Default JVM text encoding is: UTF-8
[19:35:55] [main/INFO]: Reading config file NoChatReports/NCR-Common.json...
[19:35:55] [main/INFO]: Writing config file NoChatReports/NCR-Common.json...
[19:35:55] [main/INFO]: :ctft: literally infinite and counting
[19:35:55] [main/INFO]: Constructing common components for puzzleslib:main
[19:35:55] [main/INFO]: [jamlib] Registered config for rightclickharvest
[19:35:55] [main/INFO]: [rightclickharvest] Mod initialized!
[19:35:55] [main/INFO]: Loaded config snowyspirit-common.json
[19:35:55] [main/INFO]: Hello Fabric world!
[19:35:55] [main/INFO]: Hello from StackableStewAndSoup Common init on Fabric! we are currently in a production environment!
[19:35:55] [main/INFO]: The ID for diamonds is minecraft:diamond
[19:35:55] [main/INFO]: Hello to StackableStewAndSoup
[19:35:55] [main/INFO]: Loaded config supplementaries-common.json
[19:35:56] [main/INFO]: Enabling Terrestria's Biolith worldgen module.
[19:35:56] [main/INFO]: Hello Fabric world!
[19:35:56] [main/INFO]: Hello from TimeOnDisplay Common init on Fabric! we are currently in a production environment!
[19:35:56] [main/INFO]: The ID for diamonds is minecraft:diamond
[19:35:56] [main/INFO]: Hello to TimeOnDisplay
[19:35:56] [main/INFO]: Constructing common components for tinyskeletons:main
[19:35:56] [main/INFO]: Constructing common components for tradingpost:main
[19:35:56] [main/INFO]: Registered the FluidEffect with Unique ID of minecraft:water for minecraft:water 81000 with the ID 0
[19:35:56] [main/INFO]: Registered the FluidEffect with Unique ID of minecraft:lava for minecraft:lava 81000 with the ID 1
[19:35:56] [main/INFO]: Registered the FluidEffect with Unique ID of travelersbackpack:potion for travelersbackpack:potion_still 27000 with the ID 2
[19:35:56] [main/INFO]: Registered the FluidEffect with Unique ID of travelersbackpack:milk for travelersbackpack:milk_still 81000 with the ID 3
[19:35:56] [main/INFO]: Enabling Traverse's Biolith worldgen module.
[19:35:56] [main/INFO]: Constructing common components for universalbonemeal:main
[19:35:56] [main/INFO]: [Collective] JSON file 'entity_names.json' generation requested by mod 'villagernames'.
[19:35:56] [main/INFO]: Constructing common components for visualworkbench:main
[19:35:56] [main/INFO]: [voicechat] Compatibility version 18
[19:35:56] [Version Check/INFO]: [usefulbackpacks] Starting version check at https://api.u-team.info/update/usefulbackpacks_fabric.json
[19:35:56] [main/INFO]: [voicechat] Loading plugins
[19:35:56] [main/INFO]: [voicechat] Loaded 1 plugin(s)
[19:35:56] [main/INFO]: [voicechat] Initializing plugins
[19:35:56] [main/INFO]: Initializing Simple Voice Chat integration
[19:35:56] [main/INFO]: [voicechat] Initialized 1 plugin(s)
[19:35:56] [main/INFO]: [voicechat] Registering events for 'sound_physics_remastered'
[19:35:56] [main/INFO]: [STDOUT]: Initialize WeaponMaster
[19:35:56] [main/INFO]: Reflections took 2 ms to scan 1 urls, producing 1 keys and 4 values
[19:35:56] [main/INFO]: Reflections took 2 ms to scan 1 urls, producing 1 keys and 4 values
[19:35:56] [main/INFO]: Reflections took 0 ms to scan 1 urls, producing 1 keys and 2 values
[19:35:56] [main/INFO]: Reflections took 1 ms to scan 1 urls, producing 1 keys and 2 values
[19:35:56] [main/INFO]: Reflections took 1 ms to scan 1 urls, producing 1 keys and 2 values
[19:35:56] [main/INFO]: Reflections took 1 ms to scan 1 urls, producing 1 keys and 2 values
[19:35:56] [main/INFO]: [STDOUT]: Starting Mo Glass...
[19:35:57] [Version Check/INFO]: [usefulbackpacks] Found status: OUTDATED Current: ${version} Target: 2.0.1.124
[19:35:57] [Version Check/INFO]: [uteamcore] Starting version check at https://api.u-team.info/update/uteamcore_fabric.json
[19:35:57] [Version Check/INFO]: [uteamcore] Found status: UP_TO_DATE Current: 5.1.4.312 Target: null
[19:35:57] [main/INFO]: Initialized block sets in 34ms
[19:35:57] [main/INFO]: Initialized color sets in 98ms
[19:35:57] [main/INFO]: Finished mod setup in: [0, 0, 0, 0, 0, 0, 11, 4, 0] ms
[19:35:57] [main/INFO]: Environment: authHost='https://authserver.mojang.com', accountsHost='https://api.mojang.com', sessionHost='https://sessionserver.mojang.com', servicesHost='https://api.minecraftservices.com', name='PROD'
[19:35:57] [main/INFO]: Found new data pack Snowyspirit Generated Pack, loading it automatically
[19:35:57] [main/INFO]: Found new data pack Supplementaries Generated Pack, loading it automatically
[19:35:57] [main/INFO]: Found new data pack fabric, loading it automatically
[19:35:57] [main/INFO]: Found new data pack resources/ee_default, loading it automatically
[19:35:57] [main/INFO]: Found new data pack resources/ee_remove_blobs, loading it automatically
[19:35:57] [main/INFO]: Generated runtime SERVER_DATA for pack Snowyspirit Generated Pack (snowyspirit) in: 28 ms
[19:35:57] [main/INFO]: Generated runtime SERVER_DATA for pack Supplementaries Generated Pack (supplementaries) in: 5 ms
[19:35:58] [main/INFO]: Structure placement for `awesomedungeon:abandoned_oak_palace/start_pool`: { spacing: 50, separation: 25, salt: 1694767080, useValueFromConfiguration: true}
[19:35:58] [main/INFO]: Structure placement for `awesomedungeonend:aws_all_end_structures/start_pool`: { spacing: 20, separation: 15, salt: 49082056, useValueFromConfiguration: true}
[19:35:58] [main/INFO]: Structure placement for `awesomedungeon:better_default_jungle_temple/start_pool`: { spacing: 50, separation: 25, salt: 1654787080, useValueFromConfiguration: true}
[19:35:58] [main/INFO]: Structure placement for `awesomedungeonocean:brigantine/start_pool`: { spacing: 25, separation: 10, salt: 294215156, useValueFromConfiguration: true}
[19:35:58] [main/INFO]: Structure placement for `awesomedungeon:desert_temple_husk/start_pool`: { spacing: 50, separation: 25, salt: 1394767080, useValueFromConfiguration: true}
[19:35:58] [main/INFO]: Structure placement for `awesomedungeonocean:frigate_large/start_pool`: { spacing: 25, separation: 10, salt: 354415156, useValueFromConfiguration: true}
[19:35:58] [main/INFO]: Structure placement for `awesomedungeonocean:frigate_medium/start_pool`: { spacing: 25, separation: 10, salt: 474155156, useValueFromConfiguration: true}
[19:35:58] [main/INFO]: Structure placement for `awesomedungeon:jungle_giant_tree/start_pool`: { spacing: 50, separation: 25, salt: 1494763380, useValueFromConfiguration: true}
[19:35:58] [main/INFO]: Structure placement for `awesomedungeon:mushroom_abandonned/start_pool`: { spacing: 50, separation: 25, salt: 1494227080, useValueFromConfiguration: true}
[19:35:58] [main/INFO]: Structure placement for `awesomedungeonnether:nth_absi_palace/start_pool`: { spacing: 50, separation: 25, salt: 19482856, useValueFromConfiguration: true}
[19:35:58] [main/INFO]: Structure placement for `awesomedungeonnether:nth_accum_quad/start_pool`: { spacing: 50, separation: 25, salt: 28482856, useValueFromConfiguration: true}
[19:35:58] [main/INFO]: Structure placement for `awesomedungeonnether:nth_blaze_tower/start_pool`: { spacing: 50, separation: 25, salt: 37482856, useValueFromConfiguration: true}
[19:35:58] [main/INFO]: Structure placement for `awesomedungeonnether:nth_center_square/start_pool`: { spacing: 50, separation: 25, salt: 46482856, useValueFromConfiguration: true}
[19:35:58] [main/INFO]: Structure placement for `awesomedungeonnether:nth_giant_crimson_tree/start_pool`: { spacing: 50, separation: 25, salt: 55482856, useValueFromConfiguration: true}
[19:35:58] [main/INFO]: Structure placement for `awesomedungeonnether:nth_obsi_house/start_pool`: { spacing: 50, separation: 25, salt: 64482856, useValueFromConfiguration: true}
[19:35:58] [main/INFO]: Structure placement for `awesomedungeonocean:ocean_cage/start_pool`: { spacing: 25, separation: 10, salt: 40842806, useValueFromConfiguration: true}
[19:35:58] [main/INFO]: Structure placement for `awesomedungeonocean:ocean_quad/start_pool`: { spacing: 25, separation: 10, salt: 254835856, useValueFromConfiguration: true}
[19:35:58] [main/INFO]: Structure placement for `awesomedungeonocean:ocean_ruin_pillager/start_pool`: { spacing: 25, separation: 10, salt: 254145856, useValueFromConfiguration: true}
[19:35:58] [main/INFO]: Structure placement for `awesomedungeonocean:ocean_ruin_vanilla_temple/start_pool`: { spacing: 25, separation: 10, salt: 25482856, useValueFromConfiguration: true}
[19:35:58] [main/INFO]: Structure placement for `awesomedungeonocean:ocean_temple_quad/start_pool`: { spacing: 25, separation: 10, salt: 35482856, useValueFromConfiguration: true}
[19:35:58] [main/INFO]: Structure placement for `awesomedungeonocean:ocean_the_column_temple/start_pool`: { spacing: 25, separation: 10, salt: 15482856, useValueFromConfiguration: true}
[19:35:58] [main/INFO]: Structure placement for `awesomedungeonocean:ocean_warn_temple/start_pool`: { spacing: 25, separation: 10, salt: 45482856, useValueFromConfiguration: true}
[19:35:58] [main/INFO]: Structure placement for `awesomedungeon:swamp_big_temple/start_pool`: { spacing: 50, separation: 25, salt: 1594763280, useValueFromConfiguration: true}
[19:35:58] [main/INFO]: Structure placement for `awesomedungeon:the_usine/start_pool`: { spacing: 50, separation: 25, salt: 1694767078, useValueFromConfiguration: true}
[19:35:58] [main/INFO]: Structure placement for `awesomedungeon:t_z_tower/start_pool`: { spacing: 50, separation: 25, salt: 1794767078, useValueFromConfiguration: true}
[19:35:58] [main/INFO]: Structure placement for `awesomedungeon:witch_castle/start_pool`: { spacing: 50, separation: 25, salt: 1894776078, useValueFromConfiguration: true}
[19:35:59] [main/ERROR]: key missing: bei_ExtraDragonFight in {BorderCenterX:0.0d,BorderCenterZ:0.0d,BorderDamagePerBlock:0.2d,BorderSafeZone:5.0d,BorderSize:5.9999968E7d,BorderSizeLerpTarget:5.9999968E7d,BorderSizeLerpTime:0L,BorderWarningBlocks:5.0d,BorderWarningTime:15.0d,CustomBossEvents:{},DataPacks:{Disabled:["bundle"],Enabled:["vanilla"]},DataVersion:3465,DayTime:19709L,Difficulty:1b,DifficultyLocked:0b,DragonFight:{DragonKilled:0b,Gateways:[I;15,3,5,19,13,7,8,1,16,14,4,2,11,6,17,9,18,12,10,0],NeedsStateScanning:1b,PreviouslyKilled:0b},GameRules:{announceAdvancements:"true",blockExplosionDropDecay:"true",commandBlockOutput:"true",commandModificationBlockLimit:"32768",disableElytraMovementCheck:"false",disableRaids:"false",doDaylightCycle:"true",doEntityDrops:"true",doFireTick:"true",doImmediateRespawn:"false",doInsomnia:"true",doLimitedCrafting:"false",doMobLoot:"true",doMobSpawning:"true",doPatrolSpawning:"true",doTileDrops:"true",doTraderSpawning:"true",doVinesSpread:"true",doWardenSpawning:"true",doWeatherCycle:"true",drowningDamage:"true",fallDamage:"true",fireDamage:"true",forgiveDeadPlayers:"true",freezeDamage:"true",globalSoundEvents:"true",keepInventory:"false",lavaSourceConversion:"false",logAdminCommands:"true",maxCommandChainLength:"65536",maxEntityCramming:"24",mobExplosionDropDecay:"true",mobGriefing:"true",naturalRegeneration:"true",playersSleepingPercentage:"100",randomTickSpeed:"3",reducedDebugInfo:"false",sendCommandFeedback:"true",showDeathMessages:"true",snowAccumulationHeight:"1",spawnRadius:"10",spectatorsGenerateChunks:"true",tntExplosionDropDecay:"false",universalAnger:"false",waterSourceConversion:"true"},GameType:0,LastPlayed:1724266995191L,LevelName:"world",ScheduledEvents:[],ServerBrands:["fabric"],SpawnAngle:0.0f,SpawnX:0,SpawnY:64,SpawnZ:32,Time:19709L,Version:{Id:3465,Name:"1.20.1",Series:"main",Snapshot:0b},WanderingTraderSpawnChance:25,WanderingTraderSpawnDelay:4800,WasModded:1b,WorldGenSettings:{bonus_chest:0b,dimensions:{"minecraft:overworld":{generator:{biome_source:{preset:"minecraft:overworld",type:"minecraft:multi_noise"},settings:"minecraft:overworld",type:"minecraft:noise"},type:"minecraft:overworld"},"minecraft:the_end":{generator:{biome_source:{type:"minecraft:the_end"},settings:"minecraft:end",type:"minecraft:noise"},type:"minecraft:the_end"},"minecraft:the_nether":{generator:{biome_source:{preset:"minecraft:nether",type:"minecraft:multi_noise"},settings:"minecraft:nether",type:"minecraft:noise"},type:"minecraft:the_nether"}},generate_features:1b,seed:3375522537403607557L},allowCommands:0b,clearWeatherTime:0,hardcore:0b,initialized:1b,rainTime:67686,raining:0b,thunderTime:153360,thundering:0b,version:19133}
[19:36:00] [Worker-Main-3/ERROR]: Couldn't load tag minecraft:needs_stone_tool as it is missing following references: concreteslabsandstairs:block/black_concrete_slab (from fabric), concreteslabsandstairs:block/black_concrete_stairs (from fabric), concreteslabsandstairs:block/blue_concrete_slab (from fabric), concreteslabsandstairs:block/blue_concrete_stairs (from fabric), concreteslabsandstairs:block/brown_concrete_slab (from fabric), concreteslabsandstairs:block/brown_concrete_stairs (from fabric), concreteslabsandstairs:block/cyan_concrete_slab (from fabric), concreteslabsandstairs:block/cyan_concrete_stairs (from fabric), concreteslabsandstairs:block/gray_concrete_slab (from fabric), concreteslabsandstairs:block/gray_concrete_stairs (from fabric), concreteslabsandstairs:block/green_concrete_slab (from fabric), concreteslabsandstairs:block/green_concrete_stairs (from fabric), concreteslabsandstairs:block/light_blue_concrete_slab (from fabric), concreteslabsandstairs:block/light_blue_concrete_stairs (from fabric), concreteslabsandstairs:block/light_gray_concrete_slab (from fabric), concreteslabsandstairs:block/light_gray_concrete_stairs (from fabric), concreteslabsandstairs:block/lime_concrete_slab (from fabric), concreteslabsandstairs:block/lime_concrete_stairs (from fabric), concreteslabsandstairs:block/magenta_concrete_slab (from fabric), concreteslabsandstairs:block/magenta_concrete_stairs (from fabric), concreteslabsandstairs:block/orange_concrete_slab (from fabric), concreteslabsandstairs:block/orange_concrete_stairs (from fabric), concreteslabsandstairs:block/pink_concrete_slab (from fabric), concreteslabsandstairs:block/pink_concrete_stairs (from fabric), concreteslabsandstairs:block/purple_concrete_slab (from fabric), concreteslabsandstairs:block/purple_concrete_stairs (from fabric), concreteslabsandstairs:block/red_concrete_slab (from fabric), concreteslabsandstairs:block/red_concrete_stairs (from fabric), concreteslabsandstairs:block/white_concrete_slab (from fabric), concreteslabsandstairs:block/white_concrete_stairs (from fabric), concreteslabsandstairs:block/yellow_concrete_slab (from fabric), concreteslabsandstairs:block/yellow_concrete_stairs (from fabric)
[19:36:00] [Worker-Main-2/ERROR]: Error while parsing loot table decoration entry. Found jungle_temple. Defaulting to MANSION
[19:36:01] [Worker-Main-2/ERROR]: Couldn't parse element loot_tables:ctov:chests/village/village_forager
com.google.gson.JsonSyntaxException: Missing expand, expected to find a Boolean
	at net.minecraft.class_3518.method_15270(class_3518.java:181) ~[server-intermediary.jar:?]
	at net.minecraft.class_91$class_92.method_450(class_91.java:86) ~[server-intermediary.jar:?]
	at net.minecraft.class_91$class_92.method_443(class_91.java:72) ~[server-intermediary.jar:?]
	at net.minecraft.class_85$class_90.method_441(class_85.java:151) ~[server-intermediary.jar:?]
	at net.minecraft.class_85$class_90.method_424(class_85.java:129) ~[server-intermediary.jar:?]
	at net.minecraft.class_79$class_5337.method_29319(class_79.java:86) ~[server-intermediary.jar:?]
	at net.minecraft.class_79$class_5337.method_517(class_79.java:74) ~[server-intermediary.jar:?]
	at net.minecraft.class_5330$class_5333.deserialize(class_5330.java:102) ~[server-intermediary.jar:?]
	at com.google.gson.internal.bind.TreeTypeAdapter.read(TreeTypeAdapter.java:76) ~[gson-2.10.jar:?]
	at com.google.gson.internal.bind.TypeAdapterRuntimeTypeWrapper.read(TypeAdapterRuntimeTypeWrapper.java:40) ~[gson-2.10.jar:?]
	at com.google.gson.internal.bind.ArrayTypeAdapter.read(ArrayTypeAdapter.java:72) ~[gson-2.10.jar:?]
	at com.google.gson.Gson.fromJson(Gson.java:1214) ~[gson-2.10.jar:?]
	at com.google.gson.Gson.fromJson(Gson.java:1319) ~[gson-2.10.jar:?]
	at com.google.gson.Gson.fromJson(Gson.java:1290) ~[gson-2.10.jar:?]
	at com.google.gson.internal.bind.TreeTypeAdapter$GsonContextImpl.deserialize(TreeTypeAdapter.java:179) ~[gson-2.10.jar:?]
	at net.minecraft.class_3518.method_15291(class_3518.java:463) ~[server-intermediary.jar:?]
	at net.minecraft.class_3518.method_15272(class_3518.java:471) ~[server-intermediary.jar:?]
	at net.minecraft.class_55$class_57.method_358(class_55.java:173) ~[server-intermediary.jar:?]
	at net.minecraft.class_55$class_57.deserialize(class_55.java:169) ~[server-intermediary.jar:?]
	at com.google.gson.internal.bind.TreeTypeAdapter.read(TreeTypeAdapter.java:76) ~[gson-2.10.jar:?]
	at com.google.gson.internal.bind.TypeAdapterRuntimeTypeWrapper.read(TypeAdapterRuntimeTypeWrapper.java:40) ~[gson-2.10.jar:?]
	at com.google.gson.internal.bind.ArrayTypeAdapter.read(ArrayTypeAdapter.java:72) ~[gson-2.10.jar:?]
	at com.google.gson.Gson.fromJson(Gson.java:1214) ~[gson-2.10.jar:?]
	at com.google.gson.Gson.fromJson(Gson.java:1319) ~[gson-2.10.jar:?]
	at com.google.gson.Gson.fromJson(Gson.java:1290) ~[gson-2.10.jar:?]
	at com.google.gson.internal.bind.TreeTypeAdapter$GsonContextImpl.deserialize(TreeTypeAdapter.java:179) ~[gson-2.10.jar:?]
	at net.minecraft.class_3518.method_15291(class_3518.java:463) ~[server-intermediary.jar:?]
	at net.minecraft.class_3518.method_15283(class_3518.java:481) ~[server-intermediary.jar:?]
	at net.minecraft.class_52$class_54.method_340(class_52.java:250) ~[server-intermediary.jar:?]
	at net.minecraft.class_52$class_54.deserialize(class_52.java:246) ~[server-intermediary.jar:?]
	at com.google.gson.internal.bind.TreeTypeAdapter.read(TreeTypeAdapter.java:76) ~[gson-2.10.jar:?]
	at com.google.gson.Gson.fromJson(Gson.java:1214) ~[gson-2.10.jar:?]
	at com.google.gson.Gson.fromJson(Gson.java:1319) ~[gson-2.10.jar:?]
	at com.google.gson.Gson.fromJson(Gson.java:1261) ~[gson-2.10.jar:?]
	at net.minecraft.class_8490.method_51205(class_8490.java:64) ~[server-intermediary.jar:?]
	at net.minecraft.class_8490.method_51204(class_8490.java:48) ~[server-intermediary.jar:?]
	at net.minecraft.class_60.method_51195(class_60.java:55) ~[server-intermediary.jar:?]
	at java.util.HashMap.forEach(HashMap.java:1429) ~[?:?]
	at net.minecraft.class_60.method_51189(class_60.java:55) ~[server-intermediary.jar:?]
	at java.util.concurrent.CompletableFuture$AsyncRun.run(CompletableFuture.java:1804) ~[?:?]
	at java.util.concurrent.CompletableFuture$AsyncRun.exec(CompletableFuture.java:1796) ~[?:?]
	at java.util.concurrent.ForkJoinTask.doExec(ForkJoinTask.java:387) ~[?:?]
	at java.util.concurrent.ForkJoinPool$WorkQueue.topLevelExec(ForkJoinPool.java:1312) ~[?:?]
	at java.util.concurrent.ForkJoinPool.scan(ForkJoinPool.java:1843) ~[?:?]
	at java.util.concurrent.ForkJoinPool.runWorker(ForkJoinPool.java:1808) ~[?:?]
	at java.util.concurrent.ForkJoinWorkerThread.run(ForkJoinWorkerThread.java:188) ~[?:?]
[19:36:01] [Worker-Main-2/ERROR]: Couldn't parse element loot_tables:concreteslabsandstairs:blocks/_concrete_slab
com.google.gson.JsonSyntaxException: Expected name to be an item, was unknown string 'concreteslabsandstairs:_concrete_slab'
	at net.minecraft.class_3518.method_17995(class_3518.java:145) ~[server-intermediary.jar:?]
	at java.util.Optional.orElseThrow(Optional.java:403) ~[?:?]
	at net.minecraft.class_3518.method_15256(class_3518.java:145) ~[server-intermediary.jar:?]
	at net.minecraft.class_3518.method_15288(class_3518.java:153) ~[server-intermediary.jar:?]
	at net.minecraft.class_77$class_78.method_413(class_77.java:55) ~[server-intermediary.jar:?]
	at net.minecraft.class_77$class_78.method_443(class_77.java:40) ~[server-intermediary.jar:?]
	at net.minecraft.class_85$class_90.method_441(class_85.java:151) ~[server-intermediary.jar:?]
	at net.minecraft.class_85$class_90.method_424(class_85.java:129) ~[server-intermediary.jar:?]
	at net.minecraft.class_79$class_5337.method_29319(class_79.java:86) ~[server-intermediary.jar:?]
	at net.minecraft.class_79$class_5337.method_517(class_79.java:74) ~[server-intermediary.jar:?]
	at net.minecraft.class_5330$class_5333.deserialize(class_5330.java:102) ~[server-intermediary.jar:?]
	at com.google.gson.internal.bind.TreeTypeAdapter.read(TreeTypeAdapter.java:76) ~[gson-2.10.jar:?]
	at com.google.gson.internal.bind.TypeAdapterRuntimeTypeWrapper.read(TypeAdapterRuntimeTypeWrapper.java:40) ~[gson-2.10.jar:?]
	at com.google.gson.internal.bind.ArrayTypeAdapter.read(ArrayTypeAdapter.java:72) ~[gson-2.10.jar:?]
	at com.google.gson.Gson.fromJson(Gson.java:1214) ~[gson-2.10.jar:?]
	at com.google.gson.Gson.fromJson(Gson.java:1319) ~[gson-2.10.jar:?]
	at com.google.gson.Gson.fromJson(Gson.java:1290) ~[gson-2.10.jar:?]
	at com.google.gson.internal.bind.TreeTypeAdapter$GsonContextImpl.deserialize(TreeTypeAdapter.java:179) ~[gson-2.10.jar:?]
	at net.minecraft.class_3518.method_15291(class_3518.java:463) ~[server-intermediary.jar:?]
	at net.minecraft.class_3518.method_15272(class_3518.java:471) ~[server-intermediary.jar:?]
	at net.minecraft.class_55$class_57.method_358(class_55.java:173) ~[server-intermediary.jar:?]
	at net.minecraft.class_55$class_57.deserialize(class_55.java:169) ~[server-intermediary.jar:?]
	at com.google.gson.internal.bind.TreeTypeAdapter.read(TreeTypeAdapter.java:76) ~[gson-2.10.jar:?]
	at com.google.gson.internal.bind.TypeAdapterRuntimeTypeWrapper.read(TypeAdapterRuntimeTypeWrapper.java:40) ~[gson-2.10.jar:?]
	at com.google.gson.internal.bind.ArrayTypeAdapter.read(ArrayTypeAdapter.java:72) ~[gson-2.10.jar:?]
	at com.google.gson.Gson.fromJson(Gson.java:1214) ~[gson-2.10.jar:?]
	at com.google.gson.Gson.fromJson(Gson.java:1319) ~[gson-2.10.jar:?]
	at com.google.gson.Gson.fromJson(Gson.java:1290) ~[gson-2.10.jar:?]
	at com.google.gson.internal.bind.TreeTypeAdapter$GsonContextImpl.deserialize(TreeTypeAdapter.java:179) ~[gson-2.10.jar:?]
	at net.minecraft.class_3518.method_15291(class_3518.java:463) ~[server-intermediary.jar:?]
	at net.minecraft.class_3518.method_15283(class_3518.java:481) ~[server-intermediary.jar:?]
	at net.minecraft.class_52$class_54.method_340(class_52.java:250) ~[server-intermediary.jar:?]
	at net.minecraft.class_52$class_54.deserialize(class_52.java:246) ~[server-intermediary.jar:?]
	at com.google.gson.internal.bind.TreeTypeAdapter.read(TreeTypeAdapter.java:76) ~[gson-2.10.jar:?]
	at com.google.gson.Gson.fromJson(Gson.java:1214) ~[gson-2.10.jar:?]
	at com.google.gson.Gson.fromJson(Gson.java:1319) ~[gson-2.10.jar:?]
	at com.google.gson.Gson.fromJson(Gson.java:1261) ~[gson-2.10.jar:?]
	at net.minecraft.class_8490.method_51205(class_8490.java:64) ~[server-intermediary.jar:?]
	at net.minecraft.class_8490.method_51204(class_8490.java:48) ~[server-intermediary.jar:?]
	at net.minecraft.class_60.method_51195(class_60.java:55) ~[server-intermediary.jar:?]
	at java.util.HashMap.forEach(HashMap.java:1429) ~[?:?]
	at net.minecraft.class_60.method_51189(class_60.java:55) ~[server-intermediary.jar:?]
	at java.util.concurrent.CompletableFuture$AsyncRun.run(CompletableFuture.java:1804) ~[?:?]
	at java.util.concurrent.CompletableFuture$AsyncRun.exec(CompletableFuture.java:1796) ~[?:?]
	at java.util.concurrent.ForkJoinTask.doExec(ForkJoinTask.java:387) ~[?:?]
	at java.util.concurrent.ForkJoinPool$WorkQueue.topLevelExec(ForkJoinPool.java:1312) ~[?:?]
	at java.util.concurrent.ForkJoinPool.scan(ForkJoinPool.java:1843) ~[?:?]
	at java.util.concurrent.ForkJoinPool.runWorker(ForkJoinPool.java:1808) ~[?:?]
	at java.util.concurrent.ForkJoinWorkerThread.run(ForkJoinWorkerThread.java:188) ~[?:?]
[19:36:01] [Worker-Main-2/ERROR]: Couldn't parse element loot_tables:concreteslabsandstairs:blocks/_concrete_strairs
com.google.gson.JsonSyntaxException: Expected name to be an item, was unknown string 'concreteslabsandstairs:_concrete_stairs'
	at net.minecraft.class_3518.method_17995(class_3518.java:145) ~[server-intermediary.jar:?]
	at java.util.Optional.orElseThrow(Optional.java:403) ~[?:?]
	at net.minecraft.class_3518.method_15256(class_3518.java:145) ~[server-intermediary.jar:?]
	at net.minecraft.class_3518.method_15288(class_3518.java:153) ~[server-intermediary.jar:?]
	at net.minecraft.class_77$class_78.method_413(class_77.java:55) ~[server-intermediary.jar:?]
	at net.minecraft.class_77$class_78.method_443(class_77.java:40) ~[server-intermediary.jar:?]
	at net.minecraft.class_85$class_90.method_441(class_85.java:151) ~[server-intermediary.jar:?]
	at net.minecraft.class_85$class_90.method_424(class_85.java:129) ~[server-intermediary.jar:?]
	at net.minecraft.class_79$class_5337.method_29319(class_79.java:86) ~[server-intermediary.jar:?]
	at net.minecraft.class_79$class_5337.method_517(class_79.java:74) ~[server-intermediary.jar:?]
	at net.minecraft.class_5330$class_5333.deserialize(class_5330.java:102) ~[server-intermediary.jar:?]
	at com.google.gson.internal.bind.TreeTypeAdapter.read(TreeTypeAdapter.java:76) ~[gson-2.10.jar:?]
	at com.google.gson.internal.bind.TypeAdapterRuntimeTypeWrapper.read(TypeAdapterRuntimeTypeWrapper.java:40) ~[gson-2.10.jar:?]
	at com.google.gson.internal.bind.ArrayTypeAdapter.read(ArrayTypeAdapter.java:72) ~[gson-2.10.jar:?]
	at com.google.gson.Gson.fromJson(Gson.java:1214) ~[gson-2.10.jar:?]
	at com.google.gson.Gson.fromJson(Gson.java:1319) ~[gson-2.10.jar:?]
	at com.google.gson.Gson.fromJson(Gson.java:1290) ~[gson-2.10.jar:?]
	at com.google.gson.internal.bind.TreeTypeAdapter$GsonContextImpl.deserialize(TreeTypeAdapter.java:179) ~[gson-2.10.jar:?]
	at net.minecraft.class_3518.method_15291(class_3518.java:463) ~[server-intermediary.jar:?]
	at net.minecraft.class_3518.method_15272(class_3518.java:471) ~[server-intermediary.jar:?]
	at net.minecraft.class_55$class_57.method_358(class_55.java:173) ~[server-intermediary.jar:?]
	at net.minecraft.class_55$class_57.deserialize(class_55.java:169) ~[server-intermediary.jar:?]
	at com.google.gson.internal.bind.TreeTypeAdapter.read(TreeTypeAdapter.java:76) ~[gson-2.10.jar:?]
	at com.google.gson.internal.bind.TypeAdapterRuntimeTypeWrapper.read(TypeAdapterRuntimeTypeWrapper.java:40) ~[gson-2.10.jar:?]
	at com.google.gson.internal.bind.ArrayTypeAdapter.read(ArrayTypeAdapter.java:72) ~[gson-2.10.jar:?]
	at com.google.gson.Gson.fromJson(Gson.java:1214) ~[gson-2.10.jar:?]
	at com.google.gson.Gson.fromJson(Gson.java:1319) ~[gson-2.10.jar:?]
	at com.google.gson.Gson.fromJson(Gson.java:1290) ~[gson-2.10.jar:?]
	at com.google.gson.internal.bind.TreeTypeAdapter$GsonContextImpl.deserialize(TreeTypeAdapter.java:179) ~[gson-2.10.jar:?]
	at net.minecraft.class_3518.method_15291(class_3518.java:463) ~[server-intermediary.jar:?]
	at net.minecraft.class_3518.method_15283(class_3518.java:481) ~[server-intermediary.jar:?]
	at net.minecraft.class_52$class_54.method_340(class_52.java:250) ~[server-intermediary.jar:?]
	at net.minecraft.class_52$class_54.deserialize(class_52.java:246) ~[server-intermediary.jar:?]
	at com.google.gson.internal.bind.TreeTypeAdapter.read(TreeTypeAdapter.java:76) ~[gson-2.10.jar:?]
	at com.google.gson.Gson.fromJson(Gson.java:1214) ~[gson-2.10.jar:?]
	at com.google.gson.Gson.fromJson(Gson.java:1319) ~[gson-2.10.jar:?]
	at com.google.gson.Gson.fromJson(Gson.java:1261) ~[gson-2.10.jar:?]
	at net.minecraft.class_8490.method_51205(class_8490.java:64) ~[server-intermediary.jar:?]
	at net.minecraft.class_8490.method_51204(class_8490.java:48) ~[server-intermediary.jar:?]
	at net.minecraft.class_60.method_51195(class_60.java:55) ~[server-intermediary.jar:?]
	at java.util.HashMap.forEach(HashMap.java:1429) ~[?:?]
	at net.minecraft.class_60.method_51189(class_60.java:55) ~[server-intermediary.jar:?]
	at java.util.concurrent.CompletableFuture$AsyncRun.run(CompletableFuture.java:1804) ~[?:?]
	at java.util.concurrent.CompletableFuture$AsyncRun.exec(CompletableFuture.java:1796) ~[?:?]
	at java.util.concurrent.ForkJoinTask.doExec(ForkJoinTask.java:387) ~[?:?]
	at java.util.concurrent.ForkJoinPool$WorkQueue.topLevelExec(ForkJoinPool.java:1312) ~[?:?]
	at java.util.concurrent.ForkJoinPool.scan(ForkJoinPool.java:1843) ~[?:?]
	at java.util.concurrent.ForkJoinPool.runWorker(ForkJoinPool.java:1808) ~[?:?]
	at java.util.concurrent.ForkJoinWorkerThread.run(ForkJoinWorkerThread.java:188) ~[?:?]
[19:36:01] [Worker-Main-2/ERROR]: Error while parsing loot table decoration entry. Found jungle_temple. Defaulting to MANSION
[19:36:01] [main/ERROR]: Parsing error loading recipe concreteslabsandstairs:_concrete_stairs_stonecutting
com.google.gson.JsonSyntaxException: Unknown item 'minecraft:_concrete'
	at net.minecraft.class_1869.method_17878(class_1869.java:272) ~[server-intermediary.jar:?]
	at java.util.Optional.orElseThrow(Optional.java:403) ~[?:?]
	at net.minecraft.class_1869.method_8155(class_1869.java:272) ~[server-intermediary.jar:?]
	at net.minecraft.class_1856.method_8107(class_1856.java:160) ~[server-intermediary.jar:?]
	at net.minecraft.class_1856.method_8102(class_1856.java:143) ~[server-intermediary.jar:?]
	at net.minecraft.class_3972$class_3973.method_17881(class_3972.java:91) ~[server-intermediary.jar:?]
	at net.minecraft.class_3972$class_3973.method_8121(class_3972.java:72) ~[server-intermediary.jar:?]
	at net.minecraft.class_1863.method_17720(class_1863.java:135) ~[server-intermediary.jar:?]
	at net.minecraft.class_1863.method_20705(class_1863.java:56) ~[server-intermediary.jar:?]
	at net.minecraft.class_1863.method_18788(class_1863.java:35) ~[server-intermediary.jar:?]
	at net.minecraft.class_4080.method_18790(class_4080.java:13) ~[server-intermediary.jar:?]
	at java.util.concurrent.CompletableFuture$UniAccept.tryFire(CompletableFuture.java:718) ~[?:?]
	at java.util.concurrent.CompletableFuture$Completion.run(CompletableFuture.java:482) ~[?:?]
	at net.minecraft.class_4014.method_18365(class_4014.java:69) ~[server-intermediary.jar:?]
	at net.minecraft.class_156.method_43498(class_156.java:950) ~[server-intermediary.jar:?]
	at net.minecraft.class_156.method_43499(class_156.java:938) ~[server-intermediary.jar:?]
	at net.minecraft.server.Main.main(Main.java:160) ~[server-intermediary.jar:?]
	at net.fabricmc.loader.impl.game.minecraft.MinecraftGameProvider.launch(MinecraftGameProvider.java:480) ~[fabric-loader-0.16.0.jar:?]
	at net.fabricmc.loader.impl.launch.knot.Knot.launch(Knot.java:74) ~[fabric-loader-0.16.0.jar:?]
	at net.fabricmc.loader.impl.launch.knot.KnotServer.main(KnotServer.java:23) ~[fabric-loader-0.16.0.jar:?]
	at net.fabricmc.loader.impl.launch.server.FabricServerLauncher.main(FabricServerLauncher.java:69) ~[fabric-loader-0.16.0.jar:?]
	at net.fabricmc.installer.ServerLauncher.main(ServerLauncher.java:69) ~[fabric-server-launch.jar:1.0.1]
[19:36:01] [main/ERROR]: Parsing error loading recipe concreteslabsandstairs:_concrete_slab_stonecutting
com.google.gson.JsonSyntaxException: Unknown item 'minecraft:_concrete'
	at net.minecraft.class_1869.method_17878(class_1869.java:272) ~[server-intermediary.jar:?]
	at java.util.Optional.orElseThrow(Optional.java:403) ~[?:?]
	at net.minecraft.class_1869.method_8155(class_1869.java:272) ~[server-intermediary.jar:?]
	at net.minecraft.class_1856.method_8107(class_1856.java:160) ~[server-intermediary.jar:?]
	at net.minecraft.class_1856.method_8102(class_1856.java:143) ~[server-intermediary.jar:?]
	at net.minecraft.class_3972$class_3973.method_17881(class_3972.java:91) ~[server-intermediary.jar:?]
	at net.minecraft.class_3972$class_3973.method_8121(class_3972.java:72) ~[server-intermediary.jar:?]
	at net.minecraft.class_1863.method_17720(class_1863.java:135) ~[server-intermediary.jar:?]
	at net.minecraft.class_1863.method_20705(class_1863.java:56) ~[server-intermediary.jar:?]
	at net.minecraft.class_1863.method_18788(class_1863.java:35) ~[server-intermediary.jar:?]
	at net.minecraft.class_4080.method_18790(class_4080.java:13) ~[server-intermediary.jar:?]
	at java.util.concurrent.CompletableFuture$UniAccept.tryFire(CompletableFuture.java:718) ~[?:?]
	at java.util.concurrent.CompletableFuture$Completion.run(CompletableFuture.java:482) ~[?:?]
	at net.minecraft.class_4014.method_18365(class_4014.java:69) ~[server-intermediary.jar:?]
	at net.minecraft.class_156.method_43498(class_156.java:950) ~[server-intermediary.jar:?]
	at net.minecraft.class_156.method_43499(class_156.java:938) ~[server-intermediary.jar:?]
	at net.minecraft.server.Main.main(Main.java:160) ~[server-intermediary.jar:?]
	at net.fabricmc.loader.impl.game.minecraft.MinecraftGameProvider.launch(MinecraftGameProvider.java:480) ~[fabric-loader-0.16.0.jar:?]
	at net.fabricmc.loader.impl.launch.knot.Knot.launch(Knot.java:74) ~[fabric-loader-0.16.0.jar:?]
	at net.fabricmc.loader.impl.launch.knot.KnotServer.main(KnotServer.java:23) ~[fabric-loader-0.16.0.jar:?]
	at net.fabricmc.loader.impl.launch.server.FabricServerLauncher.main(FabricServerLauncher.java:69) ~[fabric-loader-0.16.0.jar:?]
	at net.fabricmc.installer.ServerLauncher.main(ServerLauncher.java:69) ~[fabric-server-launch.jar:1.0.1]
[19:36:01] [main/ERROR]: Parsing error loading recipe concreteslabsandstairs:_concrete_wall_stonecutting
com.google.gson.JsonSyntaxException: Unknown item 'minecraft:_concrete'
	at net.minecraft.class_1869.method_17878(class_1869.java:272) ~[server-intermediary.jar:?]
	at java.util.Optional.orElseThrow(Optional.java:403) ~[?:?]
	at net.minecraft.class_1869.method_8155(class_1869.java:272) ~[server-intermediary.jar:?]
	at net.minecraft.class_1856.method_8107(class_1856.java:160) ~[server-intermediary.jar:?]
	at net.minecraft.class_1856.method_8102(class_1856.java:143) ~[server-intermediary.jar:?]
	at net.minecraft.class_3972$class_3973.method_17881(class_3972.java:91) ~[server-intermediary.jar:?]
	at net.minecraft.class_3972$class_3973.method_8121(class_3972.java:72) ~[server-intermediary.jar:?]
	at net.minecraft.class_1863.method_17720(class_1863.java:135) ~[server-intermediary.jar:?]
	at net.minecraft.class_1863.method_20705(class_1863.java:56) ~[server-intermediary.jar:?]
	at net.minecraft.class_1863.method_18788(class_1863.java:35) ~[server-intermediary.jar:?]
	at net.minecraft.class_4080.method_18790(class_4080.java:13) ~[server-intermediary.jar:?]
	at java.util.concurrent.CompletableFuture$UniAccept.tryFire(CompletableFuture.java:718) ~[?:?]
	at java.util.concurrent.CompletableFuture$Completion.run(CompletableFuture.java:482) ~[?:?]
	at net.minecraft.class_4014.method_18365(class_4014.java:69) ~[server-intermediary.jar:?]
	at net.minecraft.class_156.method_43498(class_156.java:950) ~[server-intermediary.jar:?]
	at net.minecraft.class_156.method_43499(class_156.java:938) ~[server-intermediary.jar:?]
	at net.minecraft.server.Main.main(Main.java:160) ~[server-intermediary.jar:?]
	at net.fabricmc.loader.impl.game.minecraft.MinecraftGameProvider.launch(MinecraftGameProvider.java:480) ~[fabric-loader-0.16.0.jar:?]
	at net.fabricmc.loader.impl.launch.knot.Knot.launch(Knot.java:74) ~[fabric-loader-0.16.0.jar:?]
	at net.fabricmc.loader.impl.launch.knot.KnotServer.main(KnotServer.java:23) ~[fabric-loader-0.16.0.jar:?]
	at net.fabricmc.loader.impl.launch.server.FabricServerLauncher.main(FabricServerLauncher.java:69) ~[fabric-loader-0.16.0.jar:?]
	at net.fabricmc.installer.ServerLauncher.main(ServerLauncher.java:69) ~[fabric-server-launch.jar:1.0.1]
[19:36:01] [main/ERROR]: Parsing error loading recipe mobdropsrecipes_overworld:rotten_flesh
com.google.gson.JsonSyntaxException: Pattern references symbol 'S' but it's not defined in the key
	at net.minecraft.class_1869.method_8148(class_1869.java:150) ~[server-intermediary.jar:?]
	at net.minecraft.class_1869$class_1870.method_8164(class_1869.java:291) ~[server-intermediary.jar:?]
	at net.minecraft.class_1869$class_1870.method_8121(class_1869.java:279) ~[server-intermediary.jar:?]
	at net.minecraft.class_1863.method_17720(class_1863.java:135) ~[server-intermediary.jar:?]
	at net.minecraft.class_1863.method_20705(class_1863.java:56) ~[server-intermediary.jar:?]
	at net.minecraft.class_1863.method_18788(class_1863.java:35) ~[server-intermediary.jar:?]
	at net.minecraft.class_4080.method_18790(class_4080.java:13) ~[server-intermediary.jar:?]
	at java.util.concurrent.CompletableFuture$UniAccept.tryFire(CompletableFuture.java:718) ~[?:?]
	at java.util.concurrent.CompletableFuture$Completion.run(CompletableFuture.java:482) ~[?:?]
	at net.minecraft.class_4014.method_18365(class_4014.java:69) ~[server-intermediary.jar:?]
	at net.minecraft.class_156.method_43498(class_156.java:950) ~[server-intermediary.jar:?]
	at net.minecraft.class_156.method_43499(class_156.java:938) ~[server-intermediary.jar:?]
	at net.minecraft.server.Main.main(Main.java:160) ~[server-intermediary.jar:?]
	at net.fabricmc.loader.impl.game.minecraft.MinecraftGameProvider.launch(MinecraftGameProvider.java:480) ~[fabric-loader-0.16.0.jar:?]
	at net.fabricmc.loader.impl.launch.knot.Knot.launch(Knot.java:74) ~[fabric-loader-0.16.0.jar:?]
	at net.fabricmc.loader.impl.launch.knot.KnotServer.main(KnotServer.java:23) ~[fabric-loader-0.16.0.jar:?]
	at net.fabricmc.loader.impl.launch.server.FabricServerLauncher.main(FabricServerLauncher.java:69) ~[fabric-loader-0.16.0.jar:?]
	at net.fabricmc.installer.ServerLauncher.main(ServerLauncher.java:69) ~[fabric-server-launch.jar:1.0.1]
[19:36:01] [main/ERROR]: Parsing error loading recipe concreteslabsandstairs:_concrete_wall
com.google.gson.JsonSyntaxException: Unknown item 'minecraft:_concrete'
	at net.minecraft.class_1869.method_17878(class_1869.java:272) ~[server-intermediary.jar:?]
	at java.util.Optional.orElseThrow(Optional.java:403) ~[?:?]
	at net.minecraft.class_1869.method_8155(class_1869.java:272) ~[server-intermediary.jar:?]
	at net.minecraft.class_1856.method_8107(class_1856.java:160) ~[server-intermediary.jar:?]
	at net.minecraft.class_1856.method_8102(class_1856.java:143) ~[server-intermediary.jar:?]
	at net.minecraft.class_1869.method_8157(class_1869.java:252) ~[server-intermediary.jar:?]
	at net.minecraft.class_1869$class_1870.method_8164(class_1869.java:285) ~[server-intermediary.jar:?]
	at net.minecraft.class_1869$class_1870.method_8121(class_1869.java:279) ~[server-intermediary.jar:?]
	at net.minecraft.class_1863.method_17720(class_1863.java:135) ~[server-intermediary.jar:?]
	at net.minecraft.class_1863.method_20705(class_1863.java:56) ~[server-intermediary.jar:?]
	at net.minecraft.class_1863.method_18788(class_1863.java:35) ~[server-intermediary.jar:?]
	at net.minecraft.class_4080.method_18790(class_4080.java:13) ~[server-intermediary.jar:?]
	at java.util.concurrent.CompletableFuture$UniAccept.tryFire(CompletableFuture.java:718) ~[?:?]
	at java.util.concurrent.CompletableFuture$Completion.run(CompletableFuture.java:482) ~[?:?]
	at net.minecraft.class_4014.method_18365(class_4014.java:69) ~[server-intermediary.jar:?]
	at net.minecraft.class_156.method_43498(class_156.java:950) ~[server-intermediary.jar:?]
	at net.minecraft.class_156.method_43499(class_156.java:938) ~[server-intermediary.jar:?]
	at net.minecraft.server.Main.main(Main.java:160) ~[server-intermediary.jar:?]
	at net.fabricmc.loader.impl.game.minecraft.MinecraftGameProvider.launch(MinecraftGameProvider.java:480) ~[fabric-loader-0.16.0.jar:?]
	at net.fabricmc.loader.impl.launch.knot.Knot.launch(Knot.java:74) ~[fabric-loader-0.16.0.jar:?]
	at net.fabricmc.loader.impl.launch.knot.KnotServer.main(KnotServer.java:23) ~[fabric-loader-0.16.0.jar:?]
	at net.fabricmc.loader.impl.launch.server.FabricServerLauncher.main(FabricServerLauncher.java:69) ~[fabric-loader-0.16.0.jar:?]
	at net.fabricmc.installer.ServerLauncher.main(ServerLauncher.java:69) ~[fabric-server-launch.jar:1.0.1]
[19:36:02] [main/INFO]: Loaded 18 recipes
[19:36:02] [main/ERROR]: Parsing error loading custom advancement naturescompass:natures_compass: Expected items to be a JsonArray, was "min...ss"
[19:36:02] [main/ERROR]: Parsing error loading custom advancement explorerscompass:explorers_compass: Expected items to be a JsonArray, was "min...ss"
[19:36:02] [main/ERROR]: Parsing error loading custom advancement supplementaries:recipes/planter_rich: Unknown item id 'farmersdelight:rich_soil'
[19:36:02] [main/ERROR]: Parsing error loading custom advancement explorerscompass:explorers_compass_cobweb: Expected items to be a JsonArray, was "min...eb"
[19:36:02] [main/ERROR]: Parsing error loading custom advancement explorerscompass:explorers_compass_cracked_stone_bricks: Expected items to be a JsonArray, was "min...ks"
[19:36:02] [main/INFO]: Loaded 8416 advancements
[19:36:02] [main/INFO]: Reloading config...
[19:36:02] [ForkJoinPool.commonPool-worker-1/INFO]: Loaded 58 translation keys
[19:36:02] [main/INFO]: Loaded 27 flute songs
[19:36:02] [main/INFO]: Finished additional setup in 15 ms
[19:36:02] [main/INFO]: Applied 7 data villager trades
[19:36:03] [main/INFO]: Mixing server.MixinDedicatedServer from mixins/common/nochatreports.mixins.json into net.minecraft.class_3176
[19:36:03] [main/INFO]: Mixing server.MixinPlayerList from mixins/common/nochatreports.mixins.json into net.minecraft.class_3324
[19:36:03] [main/INFO]: Applied 8401 biome modifications to 290 of 290 new biomes in 273.0 ms
[19:36:03] [Server thread/INFO]: Loading server config for barteringstation
[19:36:03] [Thread-3/INFO]: Reloading server config for barteringstation
[19:36:03] [Thread-3/INFO]: Reloading server config for barteringstation
[19:36:03] [Server thread/INFO]: Loading server config for mutantmonsters
[19:36:03] [Thread-3/INFO]: Reloading server config for mutantmonsters
[19:36:03] [Thread-3/INFO]: Reloading server config for mutantmonsters
[19:36:03] [Server thread/INFO]: Loading server config for tradingpost
[19:36:03] [Thread-3/INFO]: Reloading server config for tradingpost
[19:36:03] [Thread-3/INFO]: Reloading server config for tradingpost
[19:36:03] [Server thread/INFO]: Loading server config for universalbonemeal
[19:36:03] [Thread-3/INFO]: Reloading server config for universalbonemeal
[19:36:03] [Thread-3/INFO]: Reloading server config for universalbonemeal
[19:36:03] [Server thread/INFO]: Adding waystone fwaystones:village_waystone to village kaisyn:village/flower_forest_japanese/houses
[19:36:03] [Server thread/ERROR]: Cannot add to kaisyn:village/flower_forest_japanese/houses as it cannot be found!
[19:36:03] [Server thread/INFO]: Adding waystone fwaystones:desert_village_waystone to village ctov:village/desert_oasis/house
[19:36:03] [Server thread/INFO]: Adding waystone fwaystones:village_waystone to village ctov:village/mountain_alpine/house
[19:36:03] [Server thread/INFO]: Adding waystone fwaystones:village_waystone to village kaisyn:village/beach_lighthouse/side
[19:36:03] [Server thread/ERROR]: Cannot add to kaisyn:village/beach_lighthouse/side as it cannot be found!
[19:36:03] [Server thread/INFO]: Adding waystone fwaystones:village_waystone to village ctov:village/savanna_na/house
[19:36:03] [Server thread/INFO]: Adding waystone fwaystones:village_waystone to village ctov:village/swamp/house
[19:36:03] [Server thread/INFO]: Adding waystone fwaystones:village_waystone to village minecraft:village/savanna/houses
[19:36:03] [Server thread/INFO]: Adding waystone fwaystones:village_waystone to village ctov:village/snowy_igloo/house
[19:36:03] [Server thread/INFO]: Adding waystone fwaystones:village_waystone to village kaisyn:village/exclusives/nilotic/houses
[19:36:03] [Server thread/ERROR]: Cannot add to kaisyn:village/exclusives/nilotic/houses as it cannot be found!
[19:36:03] [Server thread/INFO]: Adding waystone fwaystones:village_waystone to village kaisyn:village/badlands_pueblo/houses
[19:36:03] [Server thread/ERROR]: Cannot add to kaisyn:village/badlands_pueblo/houses as it cannot be found!
[19:36:03] [Server thread/INFO]: Adding waystone fwaystones:village_waystone to village kaisyn:village/exclusives/tudor/houses
[19:36:03] [Server thread/ERROR]: Cannot add to kaisyn:village/exclusives/tudor/houses as it cannot be found!
[19:36:03] [Server thread/INFO]: Adding waystone fwaystones:village_waystone to village ctov:village/mushroom/house
[19:36:03] [Server thread/INFO]: Adding waystone fwaystones:village_waystone to village kaisyn:village/exclusives/mediterranean/houses/regular
[19:36:03] [Server thread/ERROR]: Cannot add to kaisyn:village/exclusives/mediterranean/houses/regular as it cannot be found!
[19:36:03] [Server thread/INFO]: Adding waystone fwaystones:village_waystone to village minecraft:village/taiga/houses
[19:36:03] [Server thread/INFO]: Adding waystone fwaystones:village_waystone to village kaisyn:village/birch_forest_romanian/houses
[19:36:03] [Server thread/ERROR]: Cannot add to kaisyn:village/birch_forest_romanian/houses as it cannot be found!
[19:36:03] [Server thread/INFO]: Adding waystone fwaystones:red_desert_village_waystone to village ctov:village/mesa_fortified/house
[19:36:03] [Server thread/INFO]: Adding waystone fwaystones:village_waystone to village kaisyn:village/exclusives/classic/houses
[19:36:03] [Server thread/ERROR]: Cannot add to kaisyn:village/exclusives/classic/houses as it cannot be found!
[19:36:03] [Server thread/INFO]: Adding waystone fwaystones:village_waystone to village kaisyn:village/exclusives/wandering_trader_camp/side
[19:36:03] [Server thread/ERROR]: Cannot add to kaisyn:village/exclusives/wandering_trader_camp/side as it cannot be found!
[19:36:03] [Server thread/INFO]: Adding waystone fwaystones:desert_village_waystone to village ctov:village/desert/house
[19:36:03] [Server thread/INFO]: Adding waystone fwaystones:village_waystone to village kaisyn:village/exclusives/rustic/houses
[19:36:03] [Server thread/ERROR]: Cannot add to kaisyn:village/exclusives/rustic/houses as it cannot be found!
[19:36:03] [Server thread/INFO]: Adding waystone fwaystones:desert_village_waystone to village minecraft:village/desert/houses
[19:36:03] [Server thread/INFO]: Adding waystone fwaystones:village_waystone to village ctov:village/savanna/house
[19:36:03] [Server thread/INFO]: Adding waystone fwaystones:desert_village_waystone to village ctov:village/beach/house
[19:36:03] [Server thread/INFO]: Adding waystone fwaystones:village_waystone to village minecraft:village/plains/houses
[19:36:03] [Server thread/INFO]: Adding waystone fwaystones:village_waystone to village ctov:village/taiga/house
[19:36:03] [Server thread/INFO]: Adding waystone fwaystones:stone_brick_village_waystone to village ctov:village/underground/house
[19:36:03] [Server thread/INFO]: Adding waystone fwaystones:red_desert_village_waystone to village ctov:village/mesa/house
[19:36:03] [Server thread/INFO]: Adding waystone fwaystones:village_waystone to village kaisyn:village/grove_villager_outpost/decor
[19:36:03] [Server thread/ERROR]: Cannot add to kaisyn:village/grove_villager_outpost/decor as it cannot be found!
[19:36:03] [Server thread/INFO]: Adding waystone fwaystones:mossy_stone_brick_village_waystone to village ctov:village/jungle/house
[19:36:03] [Server thread/INFO]: Adding waystone fwaystones:village_waystone to village ctov:village/mountain/house
[19:36:03] [Server thread/INFO]: Adding waystone fwaystones:village_waystone to village ctov:village/halloween/house
[19:36:03] [Server thread/INFO]: Adding waystone fwaystones:village_waystone to village kaisyn:village/jungle_tribal/houses
[19:36:03] [Server thread/ERROR]: Cannot add to kaisyn:village/jungle_tribal/houses as it cannot be found!
[19:36:03] [Server thread/INFO]: Adding waystone fwaystones:village_waystone to village kaisyn:village/exclusives/iberian/houses
[19:36:03] [Server thread/ERROR]: Cannot add to kaisyn:village/exclusives/iberian/houses as it cannot be found!
[19:36:03] [Server thread/INFO]: Adding waystone fwaystones:village_waystone to village ctov:village/christmas/house
[19:36:03] [Server thread/INFO]: Adding waystone fwaystones:village_waystone to village minecraft:village/snowy/houses
[19:36:03] [Server thread/INFO]: Adding waystone fwaystones:village_waystone to village ctov:village/plains/house
[19:36:03] [Server thread/INFO]: Adding waystone fwaystones:village_waystone to village ctov:village/swamp_fortified/house
[19:36:03] [Server thread/INFO]: Adding waystone fwaystones:village_waystone to village ctov:village/plains_fortified/house
[19:36:03] [Server thread/INFO]: Adding waystone fwaystones:village_waystone to village ctov:village/taiga_fortified/house
[19:36:03] [Server thread/INFO]: Adding waystone fwaystones:village_waystone to village kaisyn:village/exclusives/swedish/houses
[19:36:03] [Server thread/ERROR]: Cannot add to kaisyn:village/exclusives/swedish/houses as it cannot be found!
[19:36:03] [Server thread/INFO]: Adding waystone fwaystones:mossy_stone_brick_village_waystone to village ctov:village/jungle_tree/house
[19:36:03] [Server thread/INFO]: Starting background profiler...
[19:36:04] [Server thread/INFO]: Starting minecraft server version 1.20.1
[19:36:04] [Server thread/INFO]: Loading properties
[19:36:04] [Server thread/INFO]: Default game type: SURVIVAL
[19:36:04] [Server thread/INFO]: Generating keypair
[19:36:04] [Server thread/INFO]: Starting Minecraft server on *:25565
[19:36:04] [Server thread/INFO]: Using epoll channel type
[19:36:04] [Server thread/WARN]: **** SERVER IS RUNNING IN OFFLINE/INSECURE MODE!
[19:36:04] [Server thread/WARN]: The server will make no attempt to authenticate usernames. Beware.
[19:36:04] [Server thread/WARN]: While this makes the game possible to play without internet access, it also opens up the ability for hackers to connect with any username they choose.
[19:36:04] [Server thread/WARN]: To change this, set "online-mode" to "true" in the server.properties file.
[19:36:04] [Server thread/INFO]: Preparing level "world"
[19:36:05] [Server thread/INFO]: Loaded config for: betterchunkloading.json
[19:36:08] [Server thread/INFO]: Ignoring world 'ad_astra:moon'; unknown dimension type: ad_astra:moon
[19:36:08] [Server thread/INFO]: Ignoring world 'ad_astra:mars_orbit'; unknown dimension type: ad_astra:mars_orbit
[19:36:08] [Server thread/INFO]: Ignoring world 'ad_astra:moon_orbit'; unknown dimension type: ad_astra:moon_orbit
[19:36:08] [Server thread/INFO]: Ignoring world 'ad_astra:earth_orbit'; unknown dimension type: ad_astra:earth_orbit
[19:36:08] [Server thread/INFO]: Ignoring world 'ad_astra:venus'; unknown dimension type: ad_astra:venus
[19:36:08] [Server thread/INFO]: Ignoring world 'ad_astra:glacio_orbit'; unknown dimension type: ad_astra:glacio_orbit
[19:36:08] [Server thread/INFO]: Ignoring world 'ad_astra:glacio'; unknown dimension type: ad_astra:glacio
[19:36:08] [Server thread/INFO]: Ignoring world 'ad_astra:mercury'; unknown dimension type: ad_astra:mercury
[19:36:08] [Server thread/INFO]: Ignoring world 'ad_astra:mercury_orbit'; unknown dimension type: ad_astra:mercury_orbit
[19:36:08] [Server thread/INFO]: Ignoring world 'ad_astra:venus_orbit'; unknown dimension type: ad_astra:venus_orbit
[19:36:08] [Server thread/INFO]: Ignoring world 'ad_astra:mars'; unknown dimension type: ad_astra:mars
[19:36:08] [Server thread/INFO]: Preparing start region for dimension minecraft:overworld
[19:36:08] [Server thread/WARN]: Method overwrite conflict for removeIf in modernfix-common.mixins.json:bugfix.paper_chunk_patches.SortedArraySetMixin from mod modernfix, previously written by me.jellysquid.mods.lithium.mixin.world.chunk_tickets.SortedArraySetMixin. Skipping method.
[19:36:09] [Server thread/INFO]: Preparing spawn area: 0%
[19:36:09] [Server thread/INFO]: Preparing spawn area: 0%
[19:36:09] [Server thread/INFO]: Preparing spawn area: 0%
[19:36:09] [Server thread/INFO]: Preparing spawn area: 0%
[19:36:10] [Server thread/INFO]: Time elapsed: 2137 ms
[19:36:10] [Server thread/INFO]: Done (5.447s)! For help, type "help"
[19:36:10] [Server thread/WARN]: Dedicated server took 38.07 seconds to load
[19:36:10] [Server thread/INFO]: Loaded config for: connectivity.json
[19:36:10] [Server thread/INFO]: Loaded config for: smoothchunk.json
[19:36:10] [Server thread/INFO]: Start loading plugin from Cooking for Blockheads
[19:36:10] [Server thread/INFO]: Start loading plugin from Jade
[19:36:10] [Server thread/INFO]: Start loading plugin from Jade
[19:36:10] [Server thread/INFO]: Start loading plugin from Jade
[19:36:10] [Server thread/INFO]: Start loading plugin from Polymer (Core)
[19:36:10] [Server thread/INFO]: Start loading plugin from Supplementaries
[19:36:10] [Server thread/INFO]: Start loading plugin from Waystones
[19:36:10] [Server thread/WARN]: [voicechat] Running in offline mode - Voice chat encryption is not secure!
[19:36:10] [Server thread/INFO]: Loaded values for 15 compatible attributes.
[19:36:10] [VoiceChatServerThread/INFO]: [voicechat] Voice chat server started at port 24454
[19:36:10] [Server thread/INFO]: Loaded 15 values from config.
[19:36:10] [Server thread/INFO]: Saving config file. 15 entries.
[19:36:10] [Server thread/INFO]: Applying changes for 15 attributes.
[19:36:10] [Server thread/INFO]: Mixing common.MixinServerStatus from mixins/common/nochatreports.mixins.json into net.minecraft.class_2926
[19:37:13] [Server thread/INFO]: [Server] hola
[19:38:52] [Netty Epoll Server IO #1/INFO]: Mixing server.MixinServerboundChatCommandPacket from mixins/common/nochatreports.mixins.json into net.minecraft.class_7472
[19:38:52] [Netty Epoll Server IO #1/INFO]: Mixing server.MixinServerboundChatPacket from mixins/common/nochatreports.mixins.json into net.minecraft.class_2797
[19:38:52] [Netty Epoll Server IO #1/INFO]: Mixing server.MixinServerboundChatSessionUpdatePacket from mixins/common/nochatreports.mixins.json into net.minecraft.class_7861
[19:39:40] [Server thread/INFO]: Maximuum[/100.100.19.47:51051] logged in with entity id 160 at (-8.5, 64.0, 41.5)
[19:39:40] [Server thread/INFO]: Sending server config values to client
[19:39:40] [Server thread/INFO]: Syncing config to Maximuum (93eaff57-138b-35e5-8951-0e7ea07f4d0a)
[19:39:40] [Netty Epoll Server IO #3/INFO]: Receiving client config
[19:39:40] [Server thread/INFO]: Loading config from file...
[19:39:40] [Server thread/INFO]: [voicechat] Using Fabric Permissions API
[19:39:40] [Server thread/INFO]: Maximuum joined the game
[19:39:43] [Server thread/INFO]: [voicechat] Received secret request of Maximuum (18)
[19:39:43] [Server thread/INFO]: [voicechat] Sent secret to Maximuum
[19:39:52] [VoiceChatPacketProcessingThread/INFO]: [voicechat] Successfully authenticated player 93eaff57-138b-35e5-8951-0e7ea07f4d0a
[19:39:53] [VoiceChatPacketProcessingThread/INFO]: [voicechat] Successfully validated connection of player 93eaff57-138b-35e5-8951-0e7ea07f4d0a
[19:39:53] [VoiceChatPacketProcessingThread/INFO]: [voicechat] Player Maximuum (93eaff57-138b-35e5-8951-0e7ea07f4d0a) successfully connected to voice chat
[19:41:25] [Server thread/WARN]: Can't keep up! Is the server overloaded? Running 6713ms or 134 ticks behind
[19:41:27] [Server thread/INFO]: Maximuum has made the advancement [Minecraft Comes Alive]
[19:42:05] [Server thread/INFO]: Made Maximuum a server operator
[19:42:14] [Server thread/INFO]: [Maximuum: Set own game mode to Creative Mode]
[19:43:00] [Server thread/INFO]: Maximuum has reached the goal [The Sky is the Limit]
[19:43:18] [Server thread/INFO]: [STDOUT]: Finalizing fluid block registration
[19:43:18] [Server thread/INFO]: [STDOUT]: Finalizing energy block registration
[19:45:28] [Server thread/INFO]: Maximuum has made the advancement [Gotta have that bling]
[19:48:26] [Server thread/INFO]: Maximuum has reached the goal [The largest of them all]
[19:50:33] [Server thread/INFO]: Maximuum lost connection: Disconnected
[19:50:33] [Server thread/INFO]: Maximuum left the game
[19:50:33] [Server thread/INFO]: [voicechat] Disconnecting client Maximuum
[19:50:46] [Server thread/INFO]: Stopping the server
[19:50:46] [Server thread/INFO]: Stopping server
[19:50:46] [Server thread/INFO]: Saving players
[19:50:46] [Server thread/INFO]: Saving worlds
[19:50:46] [Server thread/INFO]: Saving chunks for level 'ServerLevel[world]'/minecraft:overworld
[19:51:04] [Server thread/INFO]: Saving chunks for level 'ServerLevel[world]'/ad_astra:moon
[19:51:04] [Server thread/INFO]: Saving chunks for level 'ServerLevel[world]'/minecraft:the_end
[19:51:04] [Server thread/INFO]: Saving chunks for level 'ServerLevel[world]'/ad_astra:mars_orbit
[19:51:04] [Server thread/INFO]: Saving chunks for level 'ServerLevel[world]'/ad_astra:moon_orbit
[19:51:04] [Server thread/INFO]: Saving chunks for level 'ServerLevel[world]'/ad_astra:earth_orbit
[19:51:04] [Server thread/INFO]: Saving chunks for level 'ServerLevel[world]'/minecraft:the_nether
[19:51:04] [Server thread/INFO]: Saving chunks for level 'ServerLevel[world]'/ad_astra:venus
[19:51:04] [Server thread/INFO]: Saving chunks for level 'ServerLevel[world]'/ad_astra:glacio_orbit
[19:51:04] [Server thread/INFO]: Saving chunks for level 'ServerLevel[world]'/ad_astra:glacio
[19:51:04] [Server thread/INFO]: Saving chunks for level 'ServerLevel[world]'/ad_astra:mercury
[19:51:04] [Server thread/INFO]: Saving chunks for level 'ServerLevel[world]'/ad_astra:mercury_orbit
[19:51:04] [Server thread/INFO]: Saving chunks for level 'ServerLevel[world]'/ad_astra:venus_orbit
[19:51:04] [Server thread/INFO]: Saving chunks for level 'ServerLevel[world]'/ad_astra:mars
[19:51:04] [Server thread/INFO]: ThreadedAnvilChunkStorage (world): All chunks are saved
[19:51:04] [Server thread/INFO]: ThreadedAnvilChunkStorage (moon): All chunks are saved
[19:51:04] [Server thread/INFO]: ThreadedAnvilChunkStorage (DIM1): All chunks are saved
[19:51:04] [Server thread/INFO]: ThreadedAnvilChunkStorage (mars_orbit): All chunks are saved
[19:51:04] [Server thread/INFO]: ThreadedAnvilChunkStorage (moon_orbit): All chunks are saved
[19:51:04] [Server thread/INFO]: ThreadedAnvilChunkStorage (earth_orbit): All chunks are saved
[19:51:04] [Server thread/INFO]: ThreadedAnvilChunkStorage (DIM-1): All chunks are saved
[19:51:04] [Server thread/INFO]: ThreadedAnvilChunkStorage (venus): All chunks are saved
[19:51:04] [Server thread/INFO]: ThreadedAnvilChunkStorage (glacio_orbit): All chunks are saved
[19:51:04] [Server thread/INFO]: ThreadedAnvilChunkStorage (glacio): All chunks are saved
[19:51:04] [Server thread/INFO]: ThreadedAnvilChunkStorage (mercury): All chunks are saved
[19:51:04] [Server thread/INFO]: ThreadedAnvilChunkStorage (mercury_orbit): All chunks are saved
[19:51:04] [Server thread/INFO]: ThreadedAnvilChunkStorage (venus_orbit): All chunks are saved
[19:51:04] [Server thread/INFO]: ThreadedAnvilChunkStorage (mars): All chunks are saved
[19:51:04] [Server thread/INFO]: ThreadedAnvilChunkStorage: All dimensions are saved
